This is pdfTeX, Version 3.141592653-2.6-1.40.23 (TeX Live 2021/W32TeX) (preloaded format=pdflatex 2022.3.24)  28 MAR 2022 20:47
entering extended mode
 restricted \write18 enabled.
 %&-line parsing enabled.
**Dynamic-Shrinkage-in-Bayesian-Structural-Time-Series-and-Vector-Autoregressive-Models.tex
(./Dynamic-Shrinkage-in-Bayesian-Structural-Time-Series-and-Vector-Autoregressive-Models.tex
LaTeX2e <2021-11-15> patch level 1
L3 programming layer <2022-02-24> (c:/Users/Edoardo/AppData/Roaming/TinyTeX/texmf-dist/tex/latex/base/book.cls
Document Class: book 2021/10/04 v1.4n Standard LaTeX document class
(c:/Users/Edoardo/AppData/Roaming/TinyTeX/texmf-dist/tex/latex/base/bk12.clo
File: bk12.clo 2021/10/04 v1.4n Standard LaTeX file (size option)
)
\c@part=\count185
\c@chapter=\count186
\c@section=\count187
\c@subsection=\count188
\c@subsubsection=\count189
\c@paragraph=\count190
\c@subparagraph=\count191
\c@figure=\count192
\c@table=\count193
\abovecaptionskip=\skip47
\belowcaptionskip=\skip48
\bibindent=\dimen138
) (c:/Users/Edoardo/AppData/Roaming/TinyTeX/texmf-dist/tex/latex/amsmath/amsmath.sty
Package: amsmath 2021/10/15 v2.17l AMS math features
\@mathmargin=\skip49
For additional information on amsmath, use the `?' option.
(c:/Users/Edoardo/AppData/Roaming/TinyTeX/texmf-dist/tex/latex/amsmath/amstext.sty
Package: amstext 2021/08/26 v2.01 AMS text
(c:/Users/Edoardo/AppData/Roaming/TinyTeX/texmf-dist/tex/latex/amsmath/amsgen.sty
File: amsgen.sty 1999/11/30 v2.0 generic functions
\@emptytoks=\toks16
\ex@=\dimen139
)) (c:/Users/Edoardo/AppData/Roaming/TinyTeX/texmf-dist/tex/latex/amsmath/amsbsy.sty
Package: amsbsy 1999/11/29 v1.2d Bold Symbols
\pmbraise@=\dimen140
) (c:/Users/Edoardo/AppData/Roaming/TinyTeX/texmf-dist/tex/latex/amsmath/amsopn.sty
Package: amsopn 2021/08/26 v2.02 operator names
)
\inf@bad=\count194
LaTeX Info: Redefining \frac on input line 234.
\uproot@=\count195
\leftroot@=\count196
LaTeX Info: Redefining \overline on input line 399.
\classnum@=\count197
\DOTSCASE@=\count198
LaTeX Info: Redefining \ldots on input line 496.
LaTeX Info: Redefining \dots on input line 499.
LaTeX Info: Redefining \cdots on input line 620.
\Mathstrutbox@=\box50
\strutbox@=\box51
\big@size=\dimen141
LaTeX Font Info:    Redeclaring font encoding OML on input line 743.
LaTeX Font Info:    Redeclaring font encoding OMS on input line 744.
\macc@depth=\count199
\c@MaxMatrixCols=\count266
\dotsspace@=\muskip16
\c@parentequation=\count267
\dspbrk@lvl=\count268
\tag@help=\toks17
\row@=\count269
\column@=\count270
\maxfields@=\count271
\andhelp@=\toks18
\eqnshift@=\dimen142
\alignsep@=\dimen143
\tagshift@=\dimen144
\tagwidth@=\dimen145
\totwidth@=\dimen146
\lineht@=\dimen147
\@envbody=\toks19
\multlinegap=\skip50
\multlinetaggap=\skip51
\mathdisplay@stack=\toks20
LaTeX Info: Redefining \[ on input line 2938.
LaTeX Info: Redefining \] on input line 2939.
) (c:/Users/Edoardo/AppData/Roaming/TinyTeX/texmf-dist/tex/latex/amsfonts/amssymb.sty
Package: amssymb 2013/01/14 v3.01 AMS font symbols
(c:/Users/Edoardo/AppData/Roaming/TinyTeX/texmf-dist/tex/latex/amsfonts/amsfonts.sty
Package: amsfonts 2013/01/14 v3.01 Basic AMSFonts support
\symAMSa=\mathgroup4
\symAMSb=\mathgroup5
LaTeX Font Info:    Redeclaring math symbol \hbar on input line 98.
LaTeX Font Info:    Overwriting math alphabet `\mathfrak' in version `bold'
(Font)                  U/euf/m/n --> U/euf/b/n on input line 106.
)) (c:/Users/Edoardo/AppData/Roaming/TinyTeX/texmf-dist/tex/latex/lm/lmodern.sty
Package: lmodern 2015/05/01 v1.6.1 Latin Modern Fonts
LaTeX Font Info:    Overwriting symbol font `operators' in version `normal'
(Font)                  OT1/cmr/m/n --> OT1/lmr/m/n on input line 22.
LaTeX Font Info:    Overwriting symbol font `letters' in version `normal'
(Font)                  OML/cmm/m/it --> OML/lmm/m/it on input line 23.
LaTeX Font Info:    Overwriting symbol font `symbols' in version `normal'
(Font)                  OMS/cmsy/m/n --> OMS/lmsy/m/n on input line 24.
LaTeX Font Info:    Overwriting symbol font `largesymbols' in version `normal'
(Font)                  OMX/cmex/m/n --> OMX/lmex/m/n on input line 25.
LaTeX Font Info:    Overwriting symbol font `operators' in version `bold'
(Font)                  OT1/cmr/bx/n --> OT1/lmr/bx/n on input line 26.
LaTeX Font Info:    Overwriting symbol font `letters' in version `bold'
(Font)                  OML/cmm/b/it --> OML/lmm/b/it on input line 27.
LaTeX Font Info:    Overwriting symbol font `symbols' in version `bold'
(Font)                  OMS/cmsy/b/n --> OMS/lmsy/b/n on input line 28.
LaTeX Font Info:    Overwriting symbol font `largesymbols' in version `bold'
(Font)                  OMX/cmex/m/n --> OMX/lmex/m/n on input line 29.
LaTeX Font Info:    Overwriting math alphabet `\mathbf' in version `normal'
(Font)                  OT1/cmr/bx/n --> OT1/lmr/bx/n on input line 31.
LaTeX Font Info:    Overwriting math alphabet `\mathsf' in version `normal'
(Font)                  OT1/cmss/m/n --> OT1/lmss/m/n on input line 32.
LaTeX Font Info:    Overwriting math alphabet `\mathit' in version `normal'
(Font)                  OT1/cmr/m/it --> OT1/lmr/m/it on input line 33.
LaTeX Font Info:    Overwriting math alphabet `\mathtt' in version `normal'
(Font)                  OT1/cmtt/m/n --> OT1/lmtt/m/n on input line 34.
LaTeX Font Info:    Overwriting math alphabet `\mathbf' in version `bold'
(Font)                  OT1/cmr/bx/n --> OT1/lmr/bx/n on input line 35.
LaTeX Font Info:    Overwriting math alphabet `\mathsf' in version `bold'
(Font)                  OT1/cmss/bx/n --> OT1/lmss/bx/n on input line 36.
LaTeX Font Info:    Overwriting math alphabet `\mathit' in version `bold'
(Font)                  OT1/cmr/bx/it --> OT1/lmr/bx/it on input line 37.
LaTeX Font Info:    Overwriting math alphabet `\mathtt' in version `bold'
(Font)                  OT1/cmtt/m/n --> OT1/lmtt/m/n on input line 38.
) (c:/Users/Edoardo/AppData/Roaming/TinyTeX/texmf-dist/tex/generic/iftex/iftex.sty
Package: iftex 2022/02/03 v1.0f TeX engine tests
) (c:/Users/Edoardo/AppData/Roaming/TinyTeX/texmf-dist/tex/latex/base/fontenc.sty
Package: fontenc 2021/04/29 v2.0v Standard LaTeX package
LaTeX Font Info:    Trying to load font information for T1+lmr on input line 112.
(c:/Users/Edoardo/AppData/Roaming/TinyTeX/texmf-dist/tex/latex/lm/t1lmr.fd
File: t1lmr.fd 2015/05/01 v1.6.1 Font defs for Latin Modern
)) (c:/Users/Edoardo/AppData/Roaming/TinyTeX/texmf-dist/tex/latex/base/inputenc.sty
Package: inputenc 2021/02/14 v1.3d Input encoding file
\inpenc@prehook=\toks21
\inpenc@posthook=\toks22
) (c:/Users/Edoardo/AppData/Roaming/TinyTeX/texmf-dist/tex/latex/base/textcomp.sty
Package: textcomp 2020/02/02 v2.0n Standard LaTeX package
) (c:/Users/Edoardo/AppData/Roaming/TinyTeX/texmf-dist/tex/latex/xcolor/xcolor.sty
Package: xcolor 2021/10/31 v2.13 LaTeX color extensions (UK)
(c:/Users/Edoardo/AppData/Roaming/TinyTeX/texmf-dist/tex/latex/graphics-cfg/color.cfg
File: color.cfg 2016/01/02 v1.6 sample color configuration
)
Package xcolor Info: Driver file: pdftex.def on input line 227.
(c:/Users/Edoardo/AppData/Roaming/TinyTeX/texmf-dist/tex/latex/graphics-def/pdftex.def
File: pdftex.def 2020/10/05 v1.2a Graphics/color driver for pdftex
)
Package xcolor Info: Model `cmy' substituted by `cmy0' on input line 1352.
Package xcolor Info: Model `hsb' substituted by `rgb' on input line 1356.
Package xcolor Info: Model `RGB' extended on input line 1368.
Package xcolor Info: Model `HTML' substituted by `rgb' on input line 1370.
Package xcolor Info: Model `Hsb' substituted by `hsb' on input line 1371.
Package xcolor Info: Model `tHsb' substituted by `hsb' on input line 1372.
Package xcolor Info: Model `HSB' substituted by `hsb' on input line 1373.
Package xcolor Info: Model `Gray' substituted by `gray' on input line 1374.
Package xcolor Info: Model `wave' substituted by `hsb' on input line 1375.
) (c:/Users/Edoardo/AppData/Roaming/TinyTeX/texmf-dist/tex/latex/hyperref/hyperref.sty
Package: hyperref 2022-02-21 v7.00n Hypertext links for LaTeX
(c:/Users/Edoardo/AppData/Roaming/TinyTeX/texmf-dist/tex/generic/ltxcmds/ltxcmds.sty
Package: ltxcmds 2020-05-10 v1.25 LaTeX kernel commands for general use (HO)
) (c:/Users/Edoardo/AppData/Roaming/TinyTeX/texmf-dist/tex/generic/pdftexcmds/pdftexcmds.sty
Package: pdftexcmds 2020-06-27 v0.33 Utility functions of pdfTeX for LuaTeX (HO)
(c:/Users/Edoardo/AppData/Roaming/TinyTeX/texmf-dist/tex/generic/infwarerr/infwarerr.sty
Package: infwarerr 2019/12/03 v1.5 Providing info/warning/error messages (HO)
)
Package pdftexcmds Info: \pdf@primitive is available.
Package pdftexcmds Info: \pdf@ifprimitive is available.
Package pdftexcmds Info: \pdfdraftmode found.
) (c:/Users/Edoardo/AppData/Roaming/TinyTeX/texmf-dist/tex/latex/graphics/keyval.sty
Package: keyval 2014/10/28 v1.15 key=value parser (DPC)
\KV@toks@=\toks23
) (c:/Users/Edoardo/AppData/Roaming/TinyTeX/texmf-dist/tex/generic/kvsetkeys/kvsetkeys.sty
Package: kvsetkeys 2019/12/15 v1.18 Key value parser (HO)
) (c:/Users/Edoardo/AppData/Roaming/TinyTeX/texmf-dist/tex/generic/kvdefinekeys/kvdefinekeys.sty
Package: kvdefinekeys 2019-12-19 v1.6 Define keys (HO)
) (c:/Users/Edoardo/AppData/Roaming/TinyTeX/texmf-dist/tex/generic/pdfescape/pdfescape.sty
Package: pdfescape 2019/12/09 v1.15 Implements pdfTeX's escape features (HO)
) (c:/Users/Edoardo/AppData/Roaming/TinyTeX/texmf-dist/tex/latex/hycolor/hycolor.sty
Package: hycolor 2020-01-27 v1.10 Color options for hyperref/bookmark (HO)
) (c:/Users/Edoardo/AppData/Roaming/TinyTeX/texmf-dist/tex/latex/letltxmacro/letltxmacro.sty
Package: letltxmacro 2019/12/03 v1.6 Let assignment for LaTeX macros (HO)
) (c:/Users/Edoardo/AppData/Roaming/TinyTeX/texmf-dist/tex/latex/auxhook/auxhook.sty
Package: auxhook 2019-12-17 v1.6 Hooks for auxiliary files (HO)
) (c:/Users/Edoardo/AppData/Roaming/TinyTeX/texmf-dist/tex/latex/kvoptions/kvoptions.sty
Package: kvoptions 2020-10-07 v3.14 Key value format for package options (HO)
)
\@linkdim=\dimen148
\Hy@linkcounter=\count272
\Hy@pagecounter=\count273
(c:/Users/Edoardo/AppData/Roaming/TinyTeX/texmf-dist/tex/latex/hyperref/pd1enc.def
File: pd1enc.def 2022-02-21 v7.00n Hyperref: PDFDocEncoding definition (HO)
Now handling font encoding PD1 ...
... no UTF-8 mapping file for font encoding PD1
) (c:/Users/Edoardo/AppData/Roaming/TinyTeX/texmf-dist/tex/generic/intcalc/intcalc.sty
Package: intcalc 2019/12/15 v1.3 Expandable calculations with integers (HO)
) (c:/Users/Edoardo/AppData/Roaming/TinyTeX/texmf-dist/tex/generic/etexcmds/etexcmds.sty
Package: etexcmds 2019/12/15 v1.7 Avoid name clashes with e-TeX commands (HO)
)
\Hy@SavedSpaceFactor=\count274
(c:/Users/Edoardo/AppData/Roaming/TinyTeX/texmf-dist/tex/latex/hyperref/puenc.def
File: puenc.def 2022-02-21 v7.00n Hyperref: PDF Unicode definition (HO)
Now handling font encoding PU ...
... no UTF-8 mapping file for font encoding PU
)
Package hyperref Info: Option `unicode' set `true' on input line 4018.
Package hyperref Info: Hyper figures OFF on input line 4137.
Package hyperref Info: Link nesting OFF on input line 4142.
Package hyperref Info: Hyper index ON on input line 4145.
Package hyperref Info: Plain pages OFF on input line 4152.
Package hyperref Info: Backreferencing OFF on input line 4157.
Package hyperref Info: Implicit mode ON; LaTeX internals redefined.
Package hyperref Info: Bookmarks ON on input line 4390.
\c@Hy@tempcnt=\count275
(c:/Users/Edoardo/AppData/Roaming/TinyTeX/texmf-dist/tex/latex/url/url.sty
\Urlmuskip=\muskip17
Package: url 2013/09/16  ver 3.4  Verb mode for urls, etc.
)
LaTeX Info: Redefining \url on input line 4749.
\XeTeXLinkMargin=\dimen149
(c:/Users/Edoardo/AppData/Roaming/TinyTeX/texmf-dist/tex/generic/bitset/bitset.sty
Package: bitset 2019/12/09 v1.3 Handle bit-vector datatype (HO)
(c:/Users/Edoardo/AppData/Roaming/TinyTeX/texmf-dist/tex/generic/bigintcalc/bigintcalc.sty
Package: bigintcalc 2019/12/15 v1.5 Expandable calculations on big integers (HO)
))
\Fld@menulength=\count276
\Field@Width=\dimen150
\Fld@charsize=\dimen151
Package hyperref Info: Hyper figures OFF on input line 6027.
Package hyperref Info: Link nesting OFF on input line 6032.
Package hyperref Info: Hyper index ON on input line 6035.
Package hyperref Info: backreferencing OFF on input line 6042.
Package hyperref Info: Link coloring OFF on input line 6047.
Package hyperref Info: Link coloring with OCG OFF on input line 6052.
Package hyperref Info: PDF/A mode OFF on input line 6057.
LaTeX Info: Redefining \ref on input line 6097.
LaTeX Info: Redefining \pageref on input line 6101.
(c:/Users/Edoardo/AppData/Roaming/TinyTeX/texmf-dist/tex/latex/base/atbegshi-ltx.sty
Package: atbegshi-ltx 2021/01/10 v1.0c Emulation of the original atbegshi
package with kernel methods
)
\Hy@abspage=\count277
\c@Item=\count278
\c@Hfootnote=\count279
)
Package hyperref Info: Driver (autodetected): hpdftex.
(c:/Users/Edoardo/AppData/Roaming/TinyTeX/texmf-dist/tex/latex/hyperref/hpdftex.def
File: hpdftex.def 2022-02-21 v7.00n Hyperref driver for pdfTeX
(c:/Users/Edoardo/AppData/Roaming/TinyTeX/texmf-dist/tex/latex/base/atveryend-ltx.sty
Package: atveryend-ltx 2020/08/19 v1.0a Emulation of the original atveryend package
with kernel methods
)
\Fld@listcount=\count280
\c@bookmark@seq@number=\count281
(c:/Users/Edoardo/AppData/Roaming/TinyTeX/texmf-dist/tex/latex/rerunfilecheck/rerunfilecheck.sty
Package: rerunfilecheck 2019/12/05 v1.9 Rerun checks for auxiliary files (HO)
(c:/Users/Edoardo/AppData/Roaming/TinyTeX/texmf-dist/tex/generic/uniquecounter/uniquecounter.sty
Package: uniquecounter 2019/12/15 v1.4 Provide unlimited unique counter (HO)
)
Package uniquecounter Info: New unique counter `rerunfilecheck' on input line 286.
)
\Hy@SectionHShift=\skip52
) (c:/Users/Edoardo/AppData/Roaming/TinyTeX/texmf-dist/tex/latex/geometry/geometry.sty
Package: geometry 2020/01/02 v5.9 Page Geometry
(c:/Users/Edoardo/AppData/Roaming/TinyTeX/texmf-dist/tex/generic/iftex/ifvtex.sty
Package: ifvtex 2019/10/25 v1.7 ifvtex legacy package. Use iftex instead.
)
\Gm@cnth=\count282
\Gm@cntv=\count283
\c@Gm@tempcnt=\count284
\Gm@bindingoffset=\dimen152
\Gm@wd@mp=\dimen153
\Gm@odd@mp=\dimen154
\Gm@even@mp=\dimen155
\Gm@layoutwidth=\dimen156
\Gm@layoutheight=\dimen157
\Gm@layouthoffset=\dimen158
\Gm@layoutvoffset=\dimen159
\Gm@dimlist=\toks24
) (c:/Users/Edoardo/AppData/Roaming/TinyTeX/texmf-dist/tex/latex/fancyvrb/fancyvrb.sty
Package: fancyvrb 2021/12/21 4.1b verbatim text (tvz,hv)
\FV@CodeLineNo=\count285
\FV@InFile=\read2
\FV@TabBox=\box52
\c@FancyVerbLine=\count286
\FV@StepNumber=\count287
\FV@OutFile=\write3
) (c:/Users/Edoardo/AppData/Roaming/TinyTeX/texmf-dist/tex/latex/framed/framed.sty
Package: framed 2011/10/22 v 0.96: framed or shaded text with page breaks
\OuterFrameSep=\skip53
\fb@frw=\dimen160
\fb@frh=\dimen161
\FrameRule=\dimen162
\FrameSep=\dimen163
) (c:/Users/Edoardo/AppData/Roaming/TinyTeX/texmf-dist/tex/latex/graphics/graphicx.sty
Package: graphicx 2021/09/16 v1.2d Enhanced LaTeX Graphics (DPC,SPQR)
(c:/Users/Edoardo/AppData/Roaming/TinyTeX/texmf-dist/tex/latex/graphics/graphics.sty
Package: graphics 2021/03/04 v1.4d Standard LaTeX Graphics (DPC,SPQR)
(c:/Users/Edoardo/AppData/Roaming/TinyTeX/texmf-dist/tex/latex/graphics/trig.sty
Package: trig 2021/08/11 v1.11 sin cos tan (DPC)
) (c:/Users/Edoardo/AppData/Roaming/TinyTeX/texmf-dist/tex/latex/graphics-cfg/graphics.cfg
File: graphics.cfg 2016/06/04 v1.11 sample graphics configuration
)
Package graphics Info: Driver file: pdftex.def on input line 107.
)
\Gin@req@height=\dimen164
\Gin@req@width=\dimen165
)
\cslhangindent=\skip54
\csllabelwidth=\skip55
\cslentryspacingunit=\skip56
(c:/Users/Edoardo/AppData/Roaming/TinyTeX/texmf-dist/tex/latex/tools/calc.sty
Package: calc 2017/05/25 v4.3 Infix arithmetic (KKT,FJ)
\calc@Acount=\count288
\calc@Bcount=\count289
\calc@Adimen=\dimen166
\calc@Bdimen=\dimen167
\calc@Askip=\skip57
\calc@Bskip=\skip58
LaTeX Info: Redefining \setlength on input line 80.
LaTeX Info: Redefining \addtolength on input line 81.
\calc@Ccount=\count290
\calc@Cskip=\skip59
) (c:/Users/Edoardo/AppData/Roaming/TinyTeX/texmf-dist/tex/generic/babel/babel.sty
Package: babel 2022/02/26 3.73 The Babel package
\babel@savecnt=\count291
\U@D=\dimen168
\l@unhyphenated=\language3
(c:/Users/Edoardo/AppData/Roaming/TinyTeX/texmf-dist/tex/generic/babel/txtbabel.def)
\bbl@readstream=\read3
\bbl@dirlevel=\count292
Package babel Info: You haven't specified a language. I'll use 'nil'
(babel)             as the main language. Reported on input line 4305.
(c:/Users/Edoardo/AppData/Roaming/TinyTeX/texmf-dist/tex/generic/babel/nil.ldf
Language: nil 2022/02/26 3.73 Nil language
\l@nil=\language4
)) (c:/Users/Edoardo/AppData/Roaming/TinyTeX/texmf-dist/tex/latex/tools/longtable.sty
Package: longtable 2021-09-01 v4.17 Multi-page Table package (DPC)
\LTleft=\skip60
\LTright=\skip61
\LTpre=\skip62
\LTpost=\skip63
\LTchunksize=\count293
\LTcapwidth=\dimen169
\LT@head=\box53
\LT@firsthead=\box54
\LT@foot=\box55
\LT@lastfoot=\box56
\LT@gbox=\box57
\LT@cols=\count294
\LT@rows=\count295
\c@LT@tables=\count296
\c@LT@chunks=\count297
\LT@p@ftn=\toks25
) (c:/Users/Edoardo/AppData/Roaming/TinyTeX/texmf-dist/tex/latex/mathtools/mathtools.sty
Package: mathtools 2022/02/07 v1.28a mathematical typesetting tools
(c:/Users/Edoardo/AppData/Roaming/TinyTeX/texmf-dist/tex/latex/mathtools/mhsetup.sty
Package: mhsetup 2021/03/18 v1.4 programming setup (MH)
)
\g_MT_multlinerow_int=\count298
\l_MT_multwidth_dim=\dimen170
\origjot=\skip64
\l_MT_shortvdotswithinadjustabove_dim=\dimen171
\l_MT_shortvdotswithinadjustbelow_dim=\dimen172
\l_MT_above_intertext_sep=\dimen173
\l_MT_below_intertext_sep=\dimen174
\l_MT_above_shortintertext_sep=\dimen175
\l_MT_below_shortintertext_sep=\dimen176
\xmathstrut@box=\box58
\xmathstrut@dim=\dimen177
) (c:/Users/Edoardo/AppData/Roaming/TinyTeX/texmf-dist/tex/latex/mnsymbol/MnSymbol.sty
Package: MnSymbol 2007/01/21 v1.4 support for the MnSymbol font
LaTeX Info: Redefining \dagger on input line 84.
LaTeX Info: Redefining \ddagger on input line 84.
LaTeX Info: Redefining \mathparagraph on input line 84.
LaTeX Info: Redefining \mathsection on input line 84.
LaTeX Info: Redefining \mathdollar on input line 84.
LaTeX Info: Redefining \mathsterling on input line 84.
LaTeX Info: Redefining \yen on input line 84.
LaTeX Info: Redefining \circledR on input line 84.
LaTeX Info: Redefining \circledS on input line 84.
LaTeX Info: Redefining \Re on input line 84.
LaTeX Info: Redefining \Im on input line 84.
LaTeX Info: Redefining \dotplus on input line 84.
LaTeX Info: Redefining \thicksim on input line 84.
LaTeX Info: Redefining \thickapprox on input line 84.
LaTeX Info: Redefining \veebar on input line 84.
LaTeX Info: Redefining \barwedge on input line 84.
LaTeX Info: Redefining \doublebarwedge on input line 84.
LaTeX Info: Redefining \centerdot on input line 84.
LaTeX Info: Redefining \divideontimes on input line 84.
\symMnSyA=\mathgroup6
\symMnSyB=\mathgroup7
\symMnSyC=\mathgroup8
\symMnSyD=\mathgroup9
LaTeX Font Info:    Redeclaring symbol font `largesymbols' on input line 119.
LaTeX Font Info:    Overwriting symbol font `largesymbols' in version `normal'
(Font)                  OMX/lmex/m/n --> OMX/MnSymbolE/m/n on input line 119.
LaTeX Font Info:    Overwriting symbol font `largesymbols' in version `bold'
(Font)                  OMX/lmex/m/n --> OMX/MnSymbolE/m/n on input line 119.
LaTeX Font Info:    Redeclaring symbol font `symbols' on input line 120.
LaTeX Font Info:    Encoding `OMS' has changed to `U' for symbol font
(Font)              `symbols' in the math version `normal' on input line 120.
LaTeX Font Info:    Overwriting symbol font `symbols' in version `normal'
(Font)                  OMS/lmsy/m/n --> U/MnSymbolF/m/n on input line 120.
LaTeX Font Info:    Encoding `OMS' has changed to `U' for symbol font
(Font)              `symbols' in the math version `bold' on input line 120.
LaTeX Font Info:    Overwriting symbol font `symbols' in version `bold'
(Font)                  OMS/lmsy/b/n --> U/MnSymbolF/m/n on input line 120.
LaTeX Font Info:    Overwriting symbol font `MnSyA' in version `bold'
(Font)                  U/MnSymbolA/m/n --> U/MnSymbolA/b/n on input line 121.
LaTeX Font Info:    Overwriting symbol font `MnSyB' in version `bold'
(Font)                  U/MnSymbolB/m/n --> U/MnSymbolB/b/n on input line 122.
LaTeX Font Info:    Overwriting symbol font `MnSyC' in version `bold'
(Font)                  U/MnSymbolC/m/n --> U/MnSymbolC/b/n on input line 123.
LaTeX Font Info:    Overwriting symbol font `MnSyD' in version `bold'
(Font)                  U/MnSymbolD/m/n --> U/MnSymbolD/b/n on input line 124.
LaTeX Font Info:    Overwriting symbol font `largesymbols' in version `bold'
(Font)                  OMX/MnSymbolE/m/n --> OMX/MnSymbolE/b/n on input line 125.
LaTeX Font Info:    Overwriting symbol font `symbols' in version `bold'
(Font)                  U/MnSymbolF/m/n --> U/MnSymbolF/b/n on input line 126.
LaTeX Font Info:    Redeclaring math alphabet \mathcal on input line 241.
LaTeX Font Info:    Overwriting math alphabet `\mathcal' in version `bold'
(Font)                  OMS/MnSymbolS/m/n --> OMS/MnSymbolS/b/n on input line 241.
LaTeX Info: Redefining \longrightarrow on input line 548.
LaTeX Info: Redefining \longleftarrow on input line 549.
LaTeX Info: Redefining \longleftrightarrow on input line 550.
LaTeX Info: Redefining \Longrightarrow on input line 551.
LaTeX Info: Redefining \Longleftarrow on input line 552.
LaTeX Info: Redefining \Longleftrightarrow on input line 553.
LaTeX Info: Redefining \longmapsto on input line 554.
LaTeX Info: Redefining \vdots on input line 868.
LaTeX Font Info:    Redeclaring math symbol \braceld on input line 1721.
LaTeX Font Info:    Redeclaring math symbol \bracelu on input line 1722.
LaTeX Font Info:    Redeclaring math symbol \bracerd on input line 1723.
LaTeX Font Info:    Redeclaring math symbol \braceru on input line 1724.
LaTeX Info: Redefining \downbracefill on input line 1799.
LaTeX Info: Redefining \upbracefill on input line 1800.
LaTeX Info: Redefining \overbrace on input line 1819.
LaTeX Info: Redefining \underbrace on input line 1820.
LaTeX Info: Redefining \surd on input line 1843.
LaTeX Font Info:    Redeclaring math accent \widehat on input line 1845.
LaTeX Font Info:    Redeclaring math accent \widetilde on input line 1846.
LaTeX Font Info:    Redeclaring math accent \vec on input line 1848.
) (c:/Users/Edoardo/AppData/Roaming/TinyTeX/texmf-dist/tex/latex/epigraph/epigraph.sty
Package: epigraph 2020/01/02 v1.5e typesetting epigraphs
(c:/Users/Edoardo/AppData/Roaming/TinyTeX/texmf-dist/tex/latex/nextpage/nextpage.sty
Package: nextpage 2009/09/03 v1.1a additional page commands
)
\beforeepigraphskip=\skip65
\afterepigraphskip=\skip66
\epigraphwidth=\skip67
\epigraphrule=\skip68
) (c:/Users/Edoardo/AppData/Roaming/TinyTeX/texmf-dist/tex/latex/appendix/appendix.sty
Package: appendix 2020/02/08 v1.2c extra appendix facilities
\c@@pps=\count299
\c@@ppsavesec=\count300
\c@@ppsaveapp=\count301
) (c:/Users/Edoardo/AppData/Roaming/TinyTeX/texmf-dist/tex/latex/comment/comment.sty
\CommentStream=\write4
Excluding comment 'comment') (c:/Users/Edoardo/AppData/Roaming/TinyTeX/texmf-dist/tex/latex/enumitem/enumitem.sty
Package: enumitem 2019/06/20 v3.9 Customized lists
\labelindent=\skip69
\enit@outerparindent=\dimen178
\enit@toks=\toks26
\enit@inbox=\box59
\enit@count@id=\count302
\enitdp@description=\count303
) (c:/Users/Edoardo/AppData/Roaming/TinyTeX/texmf-dist/tex/latex/ntheorem/ntheorem.sty
Style `ntheorem', Version 1.33 <2011/08/15>
Package: ntheorem 2011/08/15 1.33
(c:/Users/Edoardo/AppData/Roaming/TinyTeX/texmf-dist/tex/latex/base/ifthen.sty
Package: ifthen 2020/11/24 v1.1c Standard LaTeX ifthen package (DPC)
)
\theorem@style=\toks27
\theorem@@style=\toks28
\theorembodyfont=\toks29
\theoremnumbering=\toks30
\theorempreskipamount=\skip70
\theorempostskipamount=\skip71
\theoremframepreskipamount=\skip72
\theoremframepostskipamount=\skip73
\theoreminframepreskipamount=\skip74
\theoreminframepostskipamount=\skip75
\theorem@preskip=\toks31
\theorem@postskip=\toks32
\theorem@framepreskip=\toks33
\theorem@framepostskip=\toks34
\theorem@inframepreskip=\toks35
\theorem@inframepostskip=\toks36
\theoremindent=\dimen179
\theorem@indent=\dimen180
\theoremrightindent=\dimen181
\theorem@rightindent=\dimen182
\theoremheaderfont=\toks37
\theoremseparator=\toks38
\theoremprework=\toks39
\theorempostwork=\toks40
\theoremsymbol=\toks41
\qedsymbol=\toks42
\theoremkeyword=\toks43
\qedsymbol=\toks44
\thm@topsep=\skip76
\thm@topsepadd=\skip77
) (c:/Users/Edoardo/AppData/Roaming/TinyTeX/texmf-dist/tex/latex/lipsum/lipsum.sty (c:/Users/Edoardo/AppData/Roaming/TinyTeX/texmf-dist/tex/latex/l3packages/l3keys2e/l3keys2e.sty (c:/Users/Edoardo/AppData/Roaming/TinyTeX/texmf-dist/tex/latex/l3kernel/expl3.sty
Package: expl3 2022-02-24 L3 programming layer (loader) 
(c:/Users/Edoardo/AppData/Roaming/TinyTeX/texmf-dist/tex/latex/l3backend/l3backend-pdftex.def
File: l3backend-pdftex.def 2022-02-07 L3 backend support: PDF output (pdfTeX)
\l__color_backend_stack_int=\count304
\l__pdf_internal_box=\box60
))
Package: l3keys2e 2022-01-12 LaTeX2e option processing using LaTeX3 keys
)
Package: lipsum 2021-09-20 v2.7 150 paragraphs of Lorem Ipsum dummy text
\g__lipsum_par_int=\count305
\l__lipsum_a_int=\count306
\l__lipsum_b_int=\count307
(c:/Users/Edoardo/AppData/Roaming/TinyTeX/texmf-dist/tex/latex/lipsum/lipsum.ltd.tex))
\c@thm=\count308
\c@proposition=\count309
\c@assumption=\count310
\c@lemma=\count311
\c@definition=\count312
\c@proof*=\count313
(c:/Users/Edoardo/AppData/Roaming/TinyTeX/texmf-dist/tex/latex/algorithmicx/algpseudocode.sty
Package: algpseudocode 
(c:/Users/Edoardo/AppData/Roaming/TinyTeX/texmf-dist/tex/latex/algorithmicx/algorithmicx.sty
Package: algorithmicx 2005/04/27 v1.2 Algorithmicx
Document Style algorithmicx 1.2 - a greatly improved `algorithmic' style
\c@ALG@line=\count314
\c@ALG@rem=\count315
\c@ALG@nested=\count316
\ALG@tlm=\skip78
\ALG@thistlm=\skip79
\c@ALG@Lnr=\count317
\c@ALG@blocknr=\count318
\c@ALG@storecount=\count319
\c@ALG@tmpcounter=\count320
\ALG@tmplength=\skip80
)
Document Style - pseudocode environments for use with the `algorithmicx' style
) (c:/Users/Edoardo/AppData/Roaming/TinyTeX/texmf-dist/tex/latex/algorithm2e/algorithm2e.sty
Package: algorithm2e 2017/07/18 v5.2 algorithms environments
\c@AlgoLine=\count321
\algocf@hangindent=\skip81
(c:/Users/Edoardo/AppData/Roaming/TinyTeX/texmf-dist/tex/latex/ifoddpage/ifoddpage.sty
Package: ifoddpage 2016/04/23 v1.1 Conditionals for odd/even page detection
\c@checkoddpage=\count322
) (c:/Users/Edoardo/AppData/Roaming/TinyTeX/texmf-dist/tex/latex/tools/xspace.sty
Package: xspace 2014/10/28 v1.13 Space after command names (DPC,MH)
) (c:/Users/Edoardo/AppData/Roaming/TinyTeX/texmf-dist/tex/latex/relsize/relsize.sty
Package: relsize 2013/03/29 ver 4.1
)
\skiptotal=\skip82
\skiplinenumber=\skip83
\skiprule=\skip84
\skiphlne=\skip85
\skiptext=\skip86
\skiplength=\skip87
\algomargin=\skip88
\skipalgocfslide=\skip89
\algowidth=\dimen183
\inoutsize=\dimen184
\inoutindent=\dimen185
\interspacetitleruled=\dimen186
\interspacealgoruled=\dimen187
\interspacetitleboxruled=\dimen188
\algocf@ruledwidth=\skip90
\algocf@inoutbox=\box61
\algocf@inputbox=\box62
\AlCapSkip=\skip91
\AlCapHSkip=\skip92
\algoskipindent=\skip93
\algocf@nlbox=\box63
\algocf@hangingbox=\box64
\algocf@untilbox=\box65
\algocf@skipuntil=\skip94
\algocf@capbox=\box66
\algocf@lcaptionbox=\skip95
\algoheightruledefault=\skip96
\algoheightrule=\skip97
\algotitleheightruledefault=\skip98
\algotitleheightrule=\skip99
\c@algocfline=\count323
\c@algocfproc=\count324
\c@algocf=\count325
\algocf@algoframe=\box67
\algocf@algobox=\box68
) (c:/Users/Edoardo/AppData/Roaming/TinyTeX/texmf-dist/tex/latex/float/float.sty
Package: float 2001/11/08 v1.3d Float enhancements (AL)
\c@float@type=\count326
\float@exts=\toks45
\float@box=\box69
\@float@everytoks=\toks46
\@floatcapt=\box70
)
\c@algoline=\count327
(c:/Users/Edoardo/AppData/Roaming/TinyTeX/texmf-dist/tex/latex/pgf/frontendlayer/tikz.sty (c:/Users/Edoardo/AppData/Roaming/TinyTeX/texmf-dist/tex/latex/pgf/basiclayer/pgf.sty (c:/Users/Edoardo/AppData/Roaming/TinyTeX/texmf-dist/tex/latex/pgf/utilities/pgfrcs.sty (c:/Users/Edoardo/AppData/Roaming/TinyTeX/texmf-dist/tex/generic/pgf/utilities/pgfutil-common.tex
\pgfutil@everybye=\toks47
\pgfutil@tempdima=\dimen189
\pgfutil@tempdimb=\dimen190
(c:/Users/Edoardo/AppData/Roaming/TinyTeX/texmf-dist/tex/generic/pgf/utilities/pgfutil-common-lists.tex)) (c:/Users/Edoardo/AppData/Roaming/TinyTeX/texmf-dist/tex/generic/pgf/utilities/pgfutil-latex.def
\pgfutil@abb=\box71
) (c:/Users/Edoardo/AppData/Roaming/TinyTeX/texmf-dist/tex/generic/pgf/utilities/pgfrcs.code.tex (c:/Users/Edoardo/AppData/Roaming/TinyTeX/texmf-dist/tex/generic/pgf/pgf.revision.tex)
Package: pgfrcs 2021/05/15 v3.1.9a (3.1.9a)
))
Package: pgf 2021/05/15 v3.1.9a (3.1.9a)
(c:/Users/Edoardo/AppData/Roaming/TinyTeX/texmf-dist/tex/latex/pgf/basiclayer/pgfcore.sty (c:/Users/Edoardo/AppData/Roaming/TinyTeX/texmf-dist/tex/latex/pgf/systemlayer/pgfsys.sty (c:/Users/Edoardo/AppData/Roaming/TinyTeX/texmf-dist/tex/generic/pgf/systemlayer/pgfsys.code.tex
Package: pgfsys 2021/05/15 v3.1.9a (3.1.9a)
(c:/Users/Edoardo/AppData/Roaming/TinyTeX/texmf-dist/tex/generic/pgf/utilities/pgfkeys.code.tex
\pgfkeys@pathtoks=\toks48
\pgfkeys@temptoks=\toks49
(c:/Users/Edoardo/AppData/Roaming/TinyTeX/texmf-dist/tex/generic/pgf/utilities/pgfkeysfiltered.code.tex
\pgfkeys@tmptoks=\toks50
))
\pgf@x=\dimen191
\pgf@y=\dimen192
\pgf@xa=\dimen193
\pgf@ya=\dimen194
\pgf@xb=\dimen195
\pgf@yb=\dimen196
\pgf@xc=\dimen197
\pgf@yc=\dimen198
\pgf@xd=\dimen199
\pgf@yd=\dimen256
\w@pgf@writea=\write5
\r@pgf@reada=\read4
\c@pgf@counta=\count328
\c@pgf@countb=\count329
\c@pgf@countc=\count330
\c@pgf@countd=\count331
\t@pgf@toka=\toks51
\t@pgf@tokb=\toks52
\t@pgf@tokc=\toks53
\pgf@sys@id@count=\count332
(c:/Users/Edoardo/AppData/Roaming/TinyTeX/texmf-dist/tex/generic/pgf/systemlayer/pgf.cfg
File: pgf.cfg 2021/05/15 v3.1.9a (3.1.9a)
)
Driver file for pgf: pgfsys-pdftex.def
(c:/Users/Edoardo/AppData/Roaming/TinyTeX/texmf-dist/tex/generic/pgf/systemlayer/pgfsys-pdftex.def
File: pgfsys-pdftex.def 2021/05/15 v3.1.9a (3.1.9a)
(c:/Users/Edoardo/AppData/Roaming/TinyTeX/texmf-dist/tex/generic/pgf/systemlayer/pgfsys-common-pdf.def
File: pgfsys-common-pdf.def 2021/05/15 v3.1.9a (3.1.9a)
))) (c:/Users/Edoardo/AppData/Roaming/TinyTeX/texmf-dist/tex/generic/pgf/systemlayer/pgfsyssoftpath.code.tex
File: pgfsyssoftpath.code.tex 2021/05/15 v3.1.9a (3.1.9a)
\pgfsyssoftpath@smallbuffer@items=\count333
\pgfsyssoftpath@bigbuffer@items=\count334
) (c:/Users/Edoardo/AppData/Roaming/TinyTeX/texmf-dist/tex/generic/pgf/systemlayer/pgfsysprotocol.code.tex
File: pgfsysprotocol.code.tex 2021/05/15 v3.1.9a (3.1.9a)
)) (c:/Users/Edoardo/AppData/Roaming/TinyTeX/texmf-dist/tex/generic/pgf/basiclayer/pgfcore.code.tex
Package: pgfcore 2021/05/15 v3.1.9a (3.1.9a)
(c:/Users/Edoardo/AppData/Roaming/TinyTeX/texmf-dist/tex/generic/pgf/math/pgfmath.code.tex (c:/Users/Edoardo/AppData/Roaming/TinyTeX/texmf-dist/tex/generic/pgf/math/pgfmathcalc.code.tex (c:/Users/Edoardo/AppData/Roaming/TinyTeX/texmf-dist/tex/generic/pgf/math/pgfmathutil.code.tex) (c:/Users/Edoardo/AppData/Roaming/TinyTeX/texmf-dist/tex/generic/pgf/math/pgfmathparser.code.tex
\pgfmath@dimen=\dimen257
\pgfmath@count=\count335
\pgfmath@box=\box72
\pgfmath@toks=\toks54
\pgfmath@stack@operand=\toks55
\pgfmath@stack@operation=\toks56
) (c:/Users/Edoardo/AppData/Roaming/TinyTeX/texmf-dist/tex/generic/pgf/math/pgfmathfunctions.code.tex (c:/Users/Edoardo/AppData/Roaming/TinyTeX/texmf-dist/tex/generic/pgf/math/pgfmathfunctions.basic.code.tex) (c:/Users/Edoardo/AppData/Roaming/TinyTeX/texmf-dist/tex/generic/pgf/math/pgfmathfunctions.trigonometric.code.tex) (c:/Users/Edoardo/AppData/Roaming/TinyTeX/texmf-dist/tex/generic/pgf/math/pgfmathfunctions.random.code.tex) (c:/Users/Edoardo/AppData/Roaming/TinyTeX/texmf-dist/tex/generic/pgf/math/pgfmathfunctions.comparison.code.tex) (c:/Users/Edoardo/AppData/Roaming/TinyTeX/texmf-dist/tex/generic/pgf/math/pgfmathfunctions.base.code.tex) (c:/Users/Edoardo/AppData/Roaming/TinyTeX/texmf-dist/tex/generic/pgf/math/pgfmathfunctions.round.code.tex) (c:/Users/Edoardo/AppData/Roaming/TinyTeX/texmf-dist/tex/generic/pgf/math/pgfmathfunctions.misc.code.tex) (c:/Users/Edoardo/AppData/Roaming/TinyTeX/texmf-dist/tex/generic/pgf/math/pgfmathfunctions.integerarithmetics.code.tex))) (c:/Users/Edoardo/AppData/Roaming/TinyTeX/texmf-dist/tex/generic/pgf/math/pgfmathfloat.code.tex
\c@pgfmathroundto@lastzeros=\count336
)) (c:/Users/Edoardo/AppData/Roaming/TinyTeX/texmf-dist/tex/generic/pgf/math/pgfint.code.tex) (c:/Users/Edoardo/AppData/Roaming/TinyTeX/texmf-dist/tex/generic/pgf/basiclayer/pgfcorepoints.code.tex
File: pgfcorepoints.code.tex 2021/05/15 v3.1.9a (3.1.9a)
\pgf@picminx=\dimen258
\pgf@picmaxx=\dimen259
\pgf@picminy=\dimen260
\pgf@picmaxy=\dimen261
\pgf@pathminx=\dimen262
\pgf@pathmaxx=\dimen263
\pgf@pathminy=\dimen264
\pgf@pathmaxy=\dimen265
\pgf@xx=\dimen266
\pgf@xy=\dimen267
\pgf@yx=\dimen268
\pgf@yy=\dimen269
\pgf@zx=\dimen270
\pgf@zy=\dimen271
) (c:/Users/Edoardo/AppData/Roaming/TinyTeX/texmf-dist/tex/generic/pgf/basiclayer/pgfcorepathconstruct.code.tex
File: pgfcorepathconstruct.code.tex 2021/05/15 v3.1.9a (3.1.9a)
\pgf@path@lastx=\dimen272
\pgf@path@lasty=\dimen273
) (c:/Users/Edoardo/AppData/Roaming/TinyTeX/texmf-dist/tex/generic/pgf/basiclayer/pgfcorepathusage.code.tex
File: pgfcorepathusage.code.tex 2021/05/15 v3.1.9a (3.1.9a)
\pgf@shorten@end@additional=\dimen274
\pgf@shorten@start@additional=\dimen275
) (c:/Users/Edoardo/AppData/Roaming/TinyTeX/texmf-dist/tex/generic/pgf/basiclayer/pgfcorescopes.code.tex
File: pgfcorescopes.code.tex 2021/05/15 v3.1.9a (3.1.9a)
\pgfpic=\box73
\pgf@hbox=\box74
\pgf@layerbox@main=\box75
\pgf@picture@serial@count=\count337
) (c:/Users/Edoardo/AppData/Roaming/TinyTeX/texmf-dist/tex/generic/pgf/basiclayer/pgfcoregraphicstate.code.tex
File: pgfcoregraphicstate.code.tex 2021/05/15 v3.1.9a (3.1.9a)
\pgflinewidth=\dimen276
) (c:/Users/Edoardo/AppData/Roaming/TinyTeX/texmf-dist/tex/generic/pgf/basiclayer/pgfcoretransformations.code.tex
File: pgfcoretransformations.code.tex 2021/05/15 v3.1.9a (3.1.9a)
\pgf@pt@x=\dimen277
\pgf@pt@y=\dimen278
\pgf@pt@temp=\dimen279
) (c:/Users/Edoardo/AppData/Roaming/TinyTeX/texmf-dist/tex/generic/pgf/basiclayer/pgfcorequick.code.tex
File: pgfcorequick.code.tex 2021/05/15 v3.1.9a (3.1.9a)
) (c:/Users/Edoardo/AppData/Roaming/TinyTeX/texmf-dist/tex/generic/pgf/basiclayer/pgfcoreobjects.code.tex
File: pgfcoreobjects.code.tex 2021/05/15 v3.1.9a (3.1.9a)
) (c:/Users/Edoardo/AppData/Roaming/TinyTeX/texmf-dist/tex/generic/pgf/basiclayer/pgfcorepathprocessing.code.tex
File: pgfcorepathprocessing.code.tex 2021/05/15 v3.1.9a (3.1.9a)
) (c:/Users/Edoardo/AppData/Roaming/TinyTeX/texmf-dist/tex/generic/pgf/basiclayer/pgfcorearrows.code.tex
File: pgfcorearrows.code.tex 2021/05/15 v3.1.9a (3.1.9a)
\pgfarrowsep=\dimen280
) (c:/Users/Edoardo/AppData/Roaming/TinyTeX/texmf-dist/tex/generic/pgf/basiclayer/pgfcoreshade.code.tex
File: pgfcoreshade.code.tex 2021/05/15 v3.1.9a (3.1.9a)
\pgf@max=\dimen281
\pgf@sys@shading@range@num=\count338
\pgf@shadingcount=\count339
) (c:/Users/Edoardo/AppData/Roaming/TinyTeX/texmf-dist/tex/generic/pgf/basiclayer/pgfcoreimage.code.tex
File: pgfcoreimage.code.tex 2021/05/15 v3.1.9a (3.1.9a)
(c:/Users/Edoardo/AppData/Roaming/TinyTeX/texmf-dist/tex/generic/pgf/basiclayer/pgfcoreexternal.code.tex
File: pgfcoreexternal.code.tex 2021/05/15 v3.1.9a (3.1.9a)
\pgfexternal@startupbox=\box76
)) (c:/Users/Edoardo/AppData/Roaming/TinyTeX/texmf-dist/tex/generic/pgf/basiclayer/pgfcorelayers.code.tex
File: pgfcorelayers.code.tex 2021/05/15 v3.1.9a (3.1.9a)
) (c:/Users/Edoardo/AppData/Roaming/TinyTeX/texmf-dist/tex/generic/pgf/basiclayer/pgfcoretransparency.code.tex
File: pgfcoretransparency.code.tex 2021/05/15 v3.1.9a (3.1.9a)
) (c:/Users/Edoardo/AppData/Roaming/TinyTeX/texmf-dist/tex/generic/pgf/basiclayer/pgfcorepatterns.code.tex
File: pgfcorepatterns.code.tex 2021/05/15 v3.1.9a (3.1.9a)
) (c:/Users/Edoardo/AppData/Roaming/TinyTeX/texmf-dist/tex/generic/pgf/basiclayer/pgfcorerdf.code.tex
File: pgfcorerdf.code.tex 2021/05/15 v3.1.9a (3.1.9a)
))) (c:/Users/Edoardo/AppData/Roaming/TinyTeX/texmf-dist/tex/generic/pgf/modules/pgfmoduleshapes.code.tex
File: pgfmoduleshapes.code.tex 2021/05/15 v3.1.9a (3.1.9a)
\pgfnodeparttextbox=\box77
) (c:/Users/Edoardo/AppData/Roaming/TinyTeX/texmf-dist/tex/generic/pgf/modules/pgfmoduleplot.code.tex
File: pgfmoduleplot.code.tex 2021/05/15 v3.1.9a (3.1.9a)
) (c:/Users/Edoardo/AppData/Roaming/TinyTeX/texmf-dist/tex/latex/pgf/compatibility/pgfcomp-version-0-65.sty
Package: pgfcomp-version-0-65 2021/05/15 v3.1.9a (3.1.9a)
\pgf@nodesepstart=\dimen282
\pgf@nodesepend=\dimen283
) (c:/Users/Edoardo/AppData/Roaming/TinyTeX/texmf-dist/tex/latex/pgf/compatibility/pgfcomp-version-1-18.sty
Package: pgfcomp-version-1-18 2021/05/15 v3.1.9a (3.1.9a)
)) (c:/Users/Edoardo/AppData/Roaming/TinyTeX/texmf-dist/tex/latex/pgf/utilities/pgffor.sty (c:/Users/Edoardo/AppData/Roaming/TinyTeX/texmf-dist/tex/latex/pgf/utilities/pgfkeys.sty (c:/Users/Edoardo/AppData/Roaming/TinyTeX/texmf-dist/tex/generic/pgf/utilities/pgfkeys.code.tex)) (c:/Users/Edoardo/AppData/Roaming/TinyTeX/texmf-dist/tex/latex/pgf/math/pgfmath.sty (c:/Users/Edoardo/AppData/Roaming/TinyTeX/texmf-dist/tex/generic/pgf/math/pgfmath.code.tex)) (c:/Users/Edoardo/AppData/Roaming/TinyTeX/texmf-dist/tex/generic/pgf/utilities/pgffor.code.tex
Package: pgffor 2021/05/15 v3.1.9a (3.1.9a)
(c:/Users/Edoardo/AppData/Roaming/TinyTeX/texmf-dist/tex/generic/pgf/math/pgfmath.code.tex)
\pgffor@iter=\dimen284
\pgffor@skip=\dimen285
\pgffor@stack=\toks57
\pgffor@toks=\toks58
)) (c:/Users/Edoardo/AppData/Roaming/TinyTeX/texmf-dist/tex/generic/pgf/frontendlayer/tikz/tikz.code.tex
Package: tikz 2021/05/15 v3.1.9a (3.1.9a)
(c:/Users/Edoardo/AppData/Roaming/TinyTeX/texmf-dist/tex/generic/pgf/libraries/pgflibraryplothandlers.code.tex
File: pgflibraryplothandlers.code.tex 2021/05/15 v3.1.9a (3.1.9a)
\pgf@plot@mark@count=\count340
\pgfplotmarksize=\dimen286
)
\tikz@lastx=\dimen287
\tikz@lasty=\dimen288
\tikz@lastxsaved=\dimen289
\tikz@lastysaved=\dimen290
\tikz@lastmovetox=\dimen291
\tikz@lastmovetoy=\dimen292
\tikzleveldistance=\dimen293
\tikzsiblingdistance=\dimen294
\tikz@figbox=\box78
\tikz@figbox@bg=\box79
\tikz@tempbox=\box80
\tikz@tempbox@bg=\box81
\tikztreelevel=\count341
\tikznumberofchildren=\count342
\tikznumberofcurrentchild=\count343
\tikz@fig@count=\count344
(c:/Users/Edoardo/AppData/Roaming/TinyTeX/texmf-dist/tex/generic/pgf/modules/pgfmodulematrix.code.tex
File: pgfmodulematrix.code.tex 2021/05/15 v3.1.9a (3.1.9a)
\pgfmatrixcurrentrow=\count345
\pgfmatrixcurrentcolumn=\count346
\pgf@matrix@numberofcolumns=\count347
)
\tikz@expandcount=\count348
(c:/Users/Edoardo/AppData/Roaming/TinyTeX/texmf-dist/tex/generic/pgf/frontendlayer/tikz/libraries/tikzlibrarytopaths.code.tex
File: tikzlibrarytopaths.code.tex 2021/05/15 v3.1.9a (3.1.9a)
))) (c:/Users/Edoardo/AppData/Roaming/TinyTeX/texmf-dist/tex/generic/pgf/frontendlayer/tikz/libraries/tikzlibrarydecorations.pathreplacing.code.tex (c:/Users/Edoardo/AppData/Roaming/TinyTeX/texmf-dist/tex/generic/pgf/frontendlayer/tikz/libraries/tikzlibrarydecorations.code.tex (c:/Users/Edoardo/AppData/Roaming/TinyTeX/texmf-dist/tex/generic/pgf/modules/pgfmoduledecorations.code.tex
\pgfdecoratedcompleteddistance=\dimen295
\pgfdecoratedremainingdistance=\dimen296
\pgfdecoratedinputsegmentcompleteddistance=\dimen297
\pgfdecoratedinputsegmentremainingdistance=\dimen298
\pgf@decorate@distancetomove=\dimen299
\pgf@decorate@repeatstate=\count349
\pgfdecorationsegmentamplitude=\dimen300
\pgfdecorationsegmentlength=\dimen301
)
\tikz@lib@dec@box=\box82
) (c:/Users/Edoardo/AppData/Roaming/TinyTeX/texmf-dist/tex/generic/pgf/libraries/decorations/pgflibrarydecorations.pathreplacing.code.tex)) (c:/Users/Edoardo/AppData/Roaming/TinyTeX/texmf-dist/tex/generic/pgf/frontendlayer/tikz/libraries/tikzlibrarypositioning.code.tex
File: tikzlibrarypositioning.code.tex 2021/05/15 v3.1.9a (3.1.9a)
) (c:/Users/Edoardo/AppData/Roaming/TinyTeX/texmf-dist/tex/latex/tools/tabularx.sty
Package: tabularx 2020/01/15 v2.11c `tabularx' package (DPC)
(c:/Users/Edoardo/AppData/Roaming/TinyTeX/texmf-dist/tex/latex/tools/array.sty
Package: array 2021/10/04 v2.5f Tabular extension package (FMi)
\col@sep=\dimen302
\ar@mcellbox=\box83
\extrarowheight=\dimen303
\NC@list=\toks59
\extratabsurround=\skip100
\backup@length=\skip101
\ar@cellbox=\box84
)
\TX@col@width=\dimen304
\TX@old@table=\dimen305
\TX@old@col=\dimen306
\TX@target=\dimen307
\TX@delta=\dimen308
\TX@cols=\count350
\TX@ftn=\toks60
) (c:/Users/Edoardo/AppData/Roaming/TinyTeX/texmf-dist/tex/latex/caption/caption.sty
Package: caption 2022/03/01 v3.6b Customizing captions (AR)
(c:/Users/Edoardo/AppData/Roaming/TinyTeX/texmf-dist/tex/latex/caption/caption3.sty
Package: caption3 2022/03/17 v2.3b caption3 kernel (AR)
\caption@tempdima=\dimen309
\captionmargin=\dimen310
\caption@leftmargin=\dimen311
\caption@rightmargin=\dimen312
\caption@width=\dimen313
\caption@indent=\dimen314
\caption@parindent=\dimen315
\caption@hangindent=\dimen316
Package caption Info: Standard document class detected.
)
\c@caption@flags=\count351
\c@continuedfloat=\count352
Package caption Info: float package is loaded.
Package caption Info: hyperref package is loaded.
Package caption Info: longtable package is loaded.
(c:/Users/Edoardo/AppData/Roaming/TinyTeX/texmf-dist/tex/latex/caption/ltcaption.sty
Package: ltcaption 2021/01/08 v1.4c longtable captions (AR)
)) (c:/Users/Edoardo/AppData/Roaming/TinyTeX/texmf-dist/tex/latex/booktabs/booktabs.sty
Package: booktabs 2020/01/12 v1.61803398 Publication quality tables
\heavyrulewidth=\dimen317
\lightrulewidth=\dimen318
\cmidrulewidth=\dimen319
\belowrulesep=\dimen320
\belowbottomsep=\dimen321
\aboverulesep=\dimen322
\abovetopsep=\dimen323
\cmidrulesep=\dimen324
\cmidrulekern=\dimen325
\defaultaddspace=\dimen326
\@cmidla=\count353
\@cmidlb=\count354
\@aboverulesep=\dimen327
\@belowrulesep=\dimen328
\@thisruleclass=\count355
\@lastruleclass=\count356
\@thisrulewidth=\dimen329
) (c:/Users/Edoardo/AppData/Roaming/TinyTeX/texmf-dist/tex/latex/multirow/multirow.sty
Package: multirow 2021/03/15 v2.8 Span multiple rows of a table
\multirow@colwidth=\skip102
\multirow@cntb=\count357
\multirow@dima=\skip103
\bigstrutjot=\dimen330
) (c:/Users/Edoardo/AppData/Roaming/TinyTeX/texmf-dist/tex/latex/wrapfig/wrapfig.sty
\wrapoverhang=\dimen331
\WF@size=\dimen332
\c@WF@wrappedlines=\count358
\WF@box=\box85
\WF@everypar=\toks61
Package: wrapfig 2003/01/31  v 3.6
) (c:/Users/Edoardo/AppData/Roaming/TinyTeX/texmf-dist/tex/latex/colortbl/colortbl.sty
Package: colortbl 2020/01/04 v1.0e Color table columns (DPC)
\everycr=\toks62
\minrowclearance=\skip104
) (c:/Users/Edoardo/AppData/Roaming/TinyTeX/texmf-dist/tex/latex/pdflscape/pdflscape.sty
Package: pdflscape 2019/12/05 v0.12 Display of landscape pages in PDF (HO)
(c:/Users/Edoardo/AppData/Roaming/TinyTeX/texmf-dist/tex/latex/graphics/lscape.sty
Package: lscape 2020/05/28 v3.02 Landscape Pages (DPC)
)
Package pdflscape Info: Auto-detected driver: pdftex on input line 81.
) (c:/Users/Edoardo/AppData/Roaming/TinyTeX/texmf-dist/tex/latex/tabu/tabu.sty
Package: tabu 2019/01/11 v2.9 - flexible LaTeX tabulars (FC+tabu-fixed)
(c:/Users/Edoardo/AppData/Roaming/TinyTeX/texmf-dist/tex/latex/varwidth/varwidth.sty
Package: varwidth 2009/03/30 ver 0.92;  Variable-width minipages
\@vwid@box=\box86
\sift@deathcycles=\count359
\@vwid@loff=\dimen333
\@vwid@roff=\dimen334
)
\c@taburow=\count360
\tabu@nbcols=\count361
\tabu@cnt=\count362
\tabu@Xcol=\count363
\tabu@alloc=\count364
\tabu@nested=\count365
\tabu@target=\dimen335
\tabu@spreadtarget=\dimen336
\tabu@naturalX=\dimen337
\tabucolX=\dimen338
\tabu@Xsum=\dimen339
\extrarowdepth=\dimen340
\abovetabulinesep=\dimen341
\belowtabulinesep=\dimen342
\tabustrutrule=\dimen343
\tabu@thebody=\toks63
\tabu@footnotes=\toks64
\tabu@box=\box87
\tabu@arstrutbox=\box88
\tabu@hleads=\box89
\tabu@vleads=\box90
\tabu@cellskip=\skip105
) (c:/Users/Edoardo/AppData/Roaming/TinyTeX/texmf-dist/tex/latex/threeparttable/threeparttable.sty
Package: threeparttable 2003/06/13  v 3.0
\@tempboxb=\box91
) (c:/Users/Edoardo/AppData/Roaming/TinyTeX/texmf-dist/tex/latex/threeparttablex/threeparttablex.sty
Package: threeparttablex 2013/07/23 v0.3 by daleif
(c:/Users/Edoardo/AppData/Roaming/TinyTeX/texmf-dist/tex/latex/environ/environ.sty
Package: environ 2014/05/04 v0.3 A new way to define environments
(c:/Users/Edoardo/AppData/Roaming/TinyTeX/texmf-dist/tex/latex/trimspaces/trimspaces.sty
Package: trimspaces 2009/09/17 v1.1 Trim spaces around a token list
))
\TPTL@width=\skip106
) (c:/Users/Edoardo/AppData/Roaming/TinyTeX/texmf-dist/tex/generic/ulem/ulem.sty
\UL@box=\box92
\UL@hyphenbox=\box93
\UL@skip=\skip107
\UL@hook=\toks65
\UL@height=\dimen344
\UL@pe=\count366
\UL@pixel=\dimen345
\ULC@box=\box94
Package: ulem 2019/11/18
\ULdepth=\dimen346
) (c:/Users/Edoardo/AppData/Roaming/TinyTeX/texmf-dist/tex/latex/makecell/makecell.sty
Package: makecell 2009/08/03 V0.1e Managing of Tab Column Heads and Cells
\rotheadsize=\dimen347
\c@nlinenum=\count367
\TeXr@lab=\toks66
) (./Dynamic-Shrinkage-in-Bayesian-Structural-Time-Series-and-Vector-Autoregressive-Models.aux)
\openout1 = `Dynamic-Shrinkage-in-Bayesian-Structural-Time-Series-and-Vector-Autoregressive-Models.aux'.

LaTeX Font Info:    Checking defaults for OML/cmm/m/it on input line 203.
LaTeX Font Info:    ... okay on input line 203.
LaTeX Font Info:    Checking defaults for OMS/cmsy/m/n on input line 203.
LaTeX Font Info:    ... okay on input line 203.
LaTeX Font Info:    Checking defaults for OT1/cmr/m/n on input line 203.
LaTeX Font Info:    ... okay on input line 203.
LaTeX Font Info:    Checking defaults for T1/cmr/m/n on input line 203.
LaTeX Font Info:    ... okay on input line 203.
LaTeX Font Info:    Checking defaults for TS1/cmr/m/n on input line 203.
LaTeX Font Info:    ... okay on input line 203.
LaTeX Font Info:    Checking defaults for OMX/cmex/m/n on input line 203.
LaTeX Font Info:    ... okay on input line 203.
LaTeX Font Info:    Checking defaults for U/cmr/m/n on input line 203.
LaTeX Font Info:    ... okay on input line 203.
LaTeX Font Info:    Checking defaults for PD1/pdf/m/n on input line 203.
LaTeX Font Info:    ... okay on input line 203.
LaTeX Font Info:    Checking defaults for PU/pdf/m/n on input line 203.
LaTeX Font Info:    ... okay on input line 203.
(c:/Users/Edoardo/AppData/Roaming/TinyTeX/texmf-dist/tex/latex/epstopdf-pkg/epstopdf-base.sty
Package: epstopdf-base 2020-01-24 v2.11 Base part for package epstopdf
Package epstopdf-base Info: Redefining graphics rule for `.eps' on input line 485.
(c:/Users/Edoardo/AppData/Roaming/TinyTeX/texmf-dist/tex/latex/latexconfig/epstopdf-sys.cfg
File: epstopdf-sys.cfg 2010/07/13 v1.3 Configuration of (r)epstopdf for TeX Live
))
Package hyperref Info: Link coloring OFF on input line 203.
(c:/Users/Edoardo/AppData/Roaming/TinyTeX/texmf-dist/tex/latex/hyperref/nameref.sty
Package: nameref 2021-04-02 v2.47 Cross-referencing by name of section
(c:/Users/Edoardo/AppData/Roaming/TinyTeX/texmf-dist/tex/latex/refcount/refcount.sty
Package: refcount 2019/12/15 v3.6 Data extraction from label references (HO)
) (c:/Users/Edoardo/AppData/Roaming/TinyTeX/texmf-dist/tex/generic/gettitlestring/gettitlestring.sty
Package: gettitlestring 2019/12/15 v1.6 Cleanup title references (HO)
)
\c@section@level=\count368
)
LaTeX Info: Redefining \ref on input line 203.
LaTeX Info: Redefining \pageref on input line 203.
LaTeX Info: Redefining \nameref on input line 203.
(./Dynamic-Shrinkage-in-Bayesian-Structural-Time-Series-and-Vector-Autoregressive-Models.out) (./Dynamic-Shrinkage-in-Bayesian-Structural-Time-Series-and-Vector-Autoregressive-Models.out)
\@outlinefile=\write6
\openout6 = `Dynamic-Shrinkage-in-Bayesian-Structural-Time-Series-and-Vector-Autoregressive-Models.out'.

*geometry* driver: auto-detecting
*geometry* detected driver: pdftex
*geometry* verbose mode - [ preamble ] result:
* driver: pdftex
* paper: <default>
* layout: <same size as paper>
* layoutoffset:(h,v)=(0.0pt,0.0pt)
* modes: twoside 
* h-part:(L,W,R)=(71.13188pt, 472.03123pt, 71.13188pt)
* v-part:(T,H,B)=(85.35826pt, 624.25346pt, 85.35826pt)
* \paperwidth=614.295pt
* \paperheight=794.96999pt
* \textwidth=472.03123pt
* \textheight=624.25346pt
* \oddsidemargin=-1.1381pt
* \evensidemargin=-1.1381pt
* \topmargin=-18.78552pt
* \headheight=12.0pt
* \headsep=19.8738pt
* \topskip=12.0pt
* \footskip=30.0pt
* \marginparwidth=98.0pt
* \marginparsep=7.0pt
* \columnsep=10.0pt
* \skip\footins=10.8pt plus 4.0pt minus 2.0pt
* \hoffset=0.0pt
* \voffset=0.0pt
* \mag=1000
* \@twocolumnfalse
* \@twosidetrue
* \@mparswitchtrue
* \@reversemarginfalse
* (1in=72.27pt=25.4mm, 1cm=28.453pt)

Package caption Info: Begin \AtBeginDocument code.
Package caption Info: threeparttable package is loaded.
Package caption Info: wrapfig package is loaded.
Package caption Info: End \AtBeginDocument code.
[0



]pdfTeX warning (ext4): destination with the same identifier (name{page.0}) has been already used, duplicate ignored
<to be read again> 
                   \relax 
l.220     \newpage
                   [0]pdfTeX warning (ext4): destination with the same identifier (name{page.0}) has been already used, duplicate ignored
<to be read again> 
                   \relax 
l.227     \newpage
                   [0{c:/Users/Edoardo/AppData/Roaming/TinyTeX/texmf-var/fonts/map/pdftex/updmap/pdftex.map}]pdfTeX warning (ext4): destination with the same identifier (name{page.0}) has been already used, duplicate ignored
<to be read again> 
                   \relax 
l.232     \newpage
                   [0] (./Dynamic-Shrinkage-in-Bayesian-Structural-Time-Series-and-Vector-Autoregressive-Models.toc
LaTeX Font Info:    Trying to load font information for OT1+lmr on input line 3.
(c:/Users/Edoardo/AppData/Roaming/TinyTeX/texmf-dist/tex/latex/lm/ot1lmr.fd
File: ot1lmr.fd 2015/05/01 v1.6.1 Font defs for Latin Modern
)
LaTeX Font Info:    Trying to load font information for OML+lmm on input line 3.
(c:/Users/Edoardo/AppData/Roaming/TinyTeX/texmf-dist/tex/latex/lm/omllmm.fd
File: omllmm.fd 2015/05/01 v1.6.1 Font defs for Latin Modern
)
LaTeX Font Info:    Trying to load font information for U+msa on input line 3.
(c:/Users/Edoardo/AppData/Roaming/TinyTeX/texmf-dist/tex/latex/amsfonts/umsa.fd
File: umsa.fd 2013/01/14 v3.01 AMS symbols A
)
LaTeX Font Info:    Trying to load font information for U+msb on input line 3.
(c:/Users/Edoardo/AppData/Roaming/TinyTeX/texmf-dist/tex/latex/amsfonts/umsb.fd
File: umsb.fd 2013/01/14 v3.01 AMS symbols B
) [1


] [2])
\tf@toc=\write7
\openout7 = `Dynamic-Shrinkage-in-Bayesian-Structural-Time-Series-and-Vector-Autoregressive-Models.toc'.

[3] [4

] (./Dynamic-Shrinkage-in-Bayesian-Structural-Time-Series-and-Vector-Autoregressive-Models.loa)
\tf@loa=\write8
\openout8 = `Dynamic-Shrinkage-in-Bayesian-Structural-Time-Series-and-Vector-Autoregressive-Models.loa'.

[5] [6

]
LaTeX Font Info:    Trying to load font information for T1+lmtt on input line 311.
(c:/Users/Edoardo/AppData/Roaming/TinyTeX/texmf-dist/tex/latex/lm/t1lmtt.fd
File: t1lmtt.fd 2015/05/01 v1.6.1 Font defs for Latin Modern
) [7] [8] [9] [10

]
Chapter 1.

Underfull \vbox (badness 3199) has occurred while \output is active []

[1

]
Underfull \vbox (badness 10000) has occurred while \output is active []

[2] [3]
Underfull \hbox (badness 1087) in paragraph at lines 464--483
\T1/lmr/m/n/12 This formulation provides a full specification of the joint probability of the vector
 []

[4] [5]
<Dynamic-Shrinkage-in-Bayesian-Structural-Time-Series-and-Vector-Autoregressive-Models_files/figure-latex/myfig1-1.pdf, id=368, 722.7pt x 216.81pt>
File: Dynamic-Shrinkage-in-Bayesian-Structural-Time-Series-and-Vector-Autoregressive-Models_files/figure-latex/myfig1-1.pdf Graphic file (type pdf)
<use Dynamic-Shrinkage-in-Bayesian-Structural-Time-Series-and-Vector-Autoregressive-Models_files/figure-latex/myfig1-1.pdf>
Package pdftex.def Info: Dynamic-Shrinkage-in-Bayesian-Structural-Time-Series-and-Vector-Autoregressive-Models_files/figure-latex/myfig1-1.pdf  used on input line 588.
(pdftex.def)             Requested size: 472.03212pt x 141.60963pt.

LaTeX Warning: `h' float specifier changed to `ht'.


Underfull \vbox (badness 2229) has occurred while \output is active []

[6]
Underfull \vbox (badness 10000) has occurred while \output is active []

[7 <./Dynamic-Shrinkage-in-Bayesian-Structural-Time-Series-and-Vector-Autoregressive-Models_files/figure-latex/myfig1-1.pdf>] [8]
Underfull \vbox (badness 10000) has occurred while \output is active []

[9]
Underfull \vbox (badness 3058) has occurred while \output is active []

[10]
LaTeX Font Info:    Trying to load font information for TS1+lmr on input line 814.
(c:/Users/Edoardo/AppData/Roaming/TinyTeX/texmf-dist/tex/latex/lm/ts1lmr.fd
File: ts1lmr.fd 2015/05/01 v1.6.1 Font defs for Latin Modern
) [11] [12] [13] [14]
Underfull \vbox (badness 10000) has occurred while \output is active []

[15]
Underfull \vbox (badness 10000) has occurred while \output is active []

[16] [17] [18] [19] [20

]
Chapter 2.

Underfull \vbox (badness 10000) has occurred while \output is active []

[21]
Underfull \vbox (badness 10000) has occurred while \output is active []

[22] [23]
Underfull \vbox (badness 2376) has occurred while \output is active []

[24]
Underfull \vbox (badness 10000) has occurred while \output is active []

[25] [26]
Underfull \hbox (badness 3396) in paragraph at lines 1428--1429
[]\T1/lmr/m/n/12 Simulate the inclusion indicators from $\OML/lmm/m/it/12 ^^Y\OMX/MnSymbolE/m/n/12 [][]S[][]\OML/lmm/m/it/12 ^^[[]; y[]\OMX/MnSymbolE/m/n/12 $ \T1/lmr/m/n/12 using results of
 []

[27] [28] [29] [30] [31]
Underfull \vbox (badness 10000) has occurred while \output is active []

[32]
Underfull \vbox (badness 10000) has occurred while \output is active []

[33] [34]
Underfull \hbox (badness 2941) in paragraph at lines 1785--1787
[]\T1/lmr/m/n/12 The posterior distribution $\OML/lmm/m/it/12 ^^Y\OMX/MnSymbolE/m/n/12 \OML/lmm/m/it/12 []; ^^[[] \OMX/MnSymbolE/m/n/12 S \OML/lmm/m/it/12 r[]; []; i[]\OMX/MnSymbolE/m/n/12 $ \T1/lmr/m/n/12 is thus $\OMS/MnSymbolS/m/n/12 N\OMX/MnSymbolE/m/n/12 [][]\OML/lmm/m/it/12 ; [][]\OMX/MnSymbolE/m/n/12 $ \T1/lmr/m/n/12 with
 []


Underfull \hbox (badness 1097) in paragraph at lines 1785--1787
[][] \U/MnSymbolD/m/n/12 ^^@ \OML/lmm/m/it/12 diag\OMX/MnSymbolE/m/n/12 \OML/lmm/m/it/12 B[]; B[]\OMX/MnSymbolE/m/n/12 $\T1/lmr/m/n/12 . Alternatively, one can sample $\OMX/MnSymbolE/m/n/12 \OML/lmm/m/it/12 []; ^^[[]\OMX/MnSymbolE/m/n/12 $ \T1/lmr/m/n/12 individually form
 []

[35] [36] [37]
Underfull \hbox (badness 10000) in paragraph at lines 1905--1905
[]\T1/lmr/bx/n/17.28 Dynamic Expectation-Maximization Variable
 []


Underfull \hbox (badness 2012) in paragraph at lines 1907--1926
\T1/lmr/m/n/12 A valuable alternative to simulation algorithms come from []Rockova and McAlinn[]
 []

[38] [39]
Underfull \vbox (badness 10000) has occurred while \output is active []

[40] [41] [42] [43] [44]
<Dynamic-Shrinkage-in-Bayesian-Structural-Time-Series-and-Vector-Autoregressive-Models_files/figure-latex/myfig2-1.pdf, id=862, 542.025pt x 252.945pt>
File: Dynamic-Shrinkage-in-Bayesian-Structural-Time-Series-and-Vector-Autoregressive-Models_files/figure-latex/myfig2-1.pdf Graphic file (type pdf)
<use Dynamic-Shrinkage-in-Bayesian-Structural-Time-Series-and-Vector-Autoregressive-Models_files/figure-latex/myfig2-1.pdf>
Package pdftex.def Info: Dynamic-Shrinkage-in-Bayesian-Structural-Time-Series-and-Vector-Autoregressive-Models_files/figure-latex/myfig2-1.pdf  used on input line 2161.
(pdftex.def)             Requested size: 472.0459pt x 220.28809pt.
[45 <./Dynamic-Shrinkage-in-Bayesian-Structural-Time-Series-and-Vector-Autoregressive-Models_files/figure-latex/myfig2-1.pdf>]
<Dynamic-Shrinkage-in-Bayesian-Structural-Time-Series-and-Vector-Autoregressive-Models_files/figure-latex/myfig3-1.pdf, id=879, 542.025pt x 252.945pt>
File: Dynamic-Shrinkage-in-Bayesian-Structural-Time-Series-and-Vector-Autoregressive-Models_files/figure-latex/myfig3-1.pdf Graphic file (type pdf)
<use Dynamic-Shrinkage-in-Bayesian-Structural-Time-Series-and-Vector-Autoregressive-Models_files/figure-latex/myfig3-1.pdf>
Package pdftex.def Info: Dynamic-Shrinkage-in-Bayesian-Structural-Time-Series-and-Vector-Autoregressive-Models_files/figure-latex/myfig3-1.pdf  used on input line 2183.
(pdftex.def)             Requested size: 472.0459pt x 220.28809pt.
<Dynamic-Shrinkage-in-Bayesian-Structural-Time-Series-and-Vector-Autoregressive-Models_files/figure-latex/myfig4-1.pdf, id=886, 542.025pt x 252.945pt>
File: Dynamic-Shrinkage-in-Bayesian-Structural-Time-Series-and-Vector-Autoregressive-Models_files/figure-latex/myfig4-1.pdf Graphic file (type pdf)
<use Dynamic-Shrinkage-in-Bayesian-Structural-Time-Series-and-Vector-Autoregressive-Models_files/figure-latex/myfig4-1.pdf>
Package pdftex.def Info: Dynamic-Shrinkage-in-Bayesian-Structural-Time-Series-and-Vector-Autoregressive-Models_files/figure-latex/myfig4-1.pdf  used on input line 2212.
(pdftex.def)             Requested size: 472.0459pt x 220.28809pt.

Underfull \vbox (badness 1127) has occurred while \output is active []

[46 <./Dynamic-Shrinkage-in-Bayesian-Structural-Time-Series-and-Vector-Autoregressive-Models_files/figure-latex/myfig3-1.pdf>]
<Dynamic-Shrinkage-in-Bayesian-Structural-Time-Series-and-Vector-Autoregressive-Models_files/figure-latex/myfig5-1.pdf, id=901, 578.16pt x 144.54pt>
File: Dynamic-Shrinkage-in-Bayesian-Structural-Time-Series-and-Vector-Autoregressive-Models_files/figure-latex/myfig5-1.pdf Graphic file (type pdf)
<use Dynamic-Shrinkage-in-Bayesian-Structural-Time-Series-and-Vector-Autoregressive-Models_files/figure-latex/myfig5-1.pdf>
Package pdftex.def Info: Dynamic-Shrinkage-in-Bayesian-Structural-Time-Series-and-Vector-Autoregressive-Models_files/figure-latex/myfig5-1.pdf  used on input line 2221.
(pdftex.def)             Requested size: 472.02992pt x 118.00746pt.
<Dynamic-Shrinkage-in-Bayesian-Structural-Time-Series-and-Vector-Autoregressive-Models_files/figure-latex/myfig12-1.pdf, id=902, 542.025pt x 252.945pt>
File: Dynamic-Shrinkage-in-Bayesian-Structural-Time-Series-and-Vector-Autoregressive-Models_files/figure-latex/myfig12-1.pdf Graphic file (type pdf)
<use Dynamic-Shrinkage-in-Bayesian-Structural-Time-Series-and-Vector-Autoregressive-Models_files/figure-latex/myfig12-1.pdf>
Package pdftex.def Info: Dynamic-Shrinkage-in-Bayesian-Structural-Time-Series-and-Vector-Autoregressive-Models_files/figure-latex/myfig12-1.pdf  used on input line 2230.
(pdftex.def)             Requested size: 472.0459pt x 220.28809pt.

Underfull \vbox (badness 10000) has occurred while \output is active []

[47 <./Dynamic-Shrinkage-in-Bayesian-Structural-Time-Series-and-Vector-Autoregressive-Models_files/figure-latex/myfig4-1.pdf> <./Dynamic-Shrinkage-in-Bayesian-Structural-Time-Series-and-Vector-Autoregressive-Models_files/figure-latex/myfig5-1.pdf>]
<Dynamic-Shrinkage-in-Bayesian-Structural-Time-Series-and-Vector-Autoregressive-Models_files/figure-latex/myfig9-1.pdf, id=924, 542.025pt x 252.945pt>
File: Dynamic-Shrinkage-in-Bayesian-Structural-Time-Series-and-Vector-Autoregressive-Models_files/figure-latex/myfig9-1.pdf Graphic file (type pdf)
<use Dynamic-Shrinkage-in-Bayesian-Structural-Time-Series-and-Vector-Autoregressive-Models_files/figure-latex/myfig9-1.pdf>
Package pdftex.def Info: Dynamic-Shrinkage-in-Bayesian-Structural-Time-Series-and-Vector-Autoregressive-Models_files/figure-latex/myfig9-1.pdf  used on input line 2257.
(pdftex.def)             Requested size: 472.0459pt x 220.28809pt.

Underfull \vbox (badness 10000) has occurred while \output is active []

[48 <./Dynamic-Shrinkage-in-Bayesian-Structural-Time-Series-and-Vector-Autoregressive-Models_files/figure-latex/myfig12-1.pdf>]
<Dynamic-Shrinkage-in-Bayesian-Structural-Time-Series-and-Vector-Autoregressive-Models_files/figure-latex/myfig10-1.pdf, id=936, 542.025pt x 252.945pt>
File: Dynamic-Shrinkage-in-Bayesian-Structural-Time-Series-and-Vector-Autoregressive-Models_files/figure-latex/myfig10-1.pdf Graphic file (type pdf)
<use Dynamic-Shrinkage-in-Bayesian-Structural-Time-Series-and-Vector-Autoregressive-Models_files/figure-latex/myfig10-1.pdf>
Package pdftex.def Info: Dynamic-Shrinkage-in-Bayesian-Structural-Time-Series-and-Vector-Autoregressive-Models_files/figure-latex/myfig10-1.pdf  used on input line 2266.
(pdftex.def)             Requested size: 472.0459pt x 220.28809pt.
<Dynamic-Shrinkage-in-Bayesian-Structural-Time-Series-and-Vector-Autoregressive-Models_files/figure-latex/myfig13-1.pdf, id=937, 542.025pt x 252.945pt>
File: Dynamic-Shrinkage-in-Bayesian-Structural-Time-Series-and-Vector-Autoregressive-Models_files/figure-latex/myfig13-1.pdf Graphic file (type pdf)
<use Dynamic-Shrinkage-in-Bayesian-Structural-Time-Series-and-Vector-Autoregressive-Models_files/figure-latex/myfig13-1.pdf>
Package pdftex.def Info: Dynamic-Shrinkage-in-Bayesian-Structural-Time-Series-and-Vector-Autoregressive-Models_files/figure-latex/myfig13-1.pdf  used on input line 2275.
(pdftex.def)             Requested size: 472.0459pt x 220.28809pt.

Underfull \vbox (badness 10000) has occurred while \output is active []

[49 <./Dynamic-Shrinkage-in-Bayesian-Structural-Time-Series-and-Vector-Autoregressive-Models_files/figure-latex/myfig9-1.pdf> <./Dynamic-Shrinkage-in-Bayesian-Structural-Time-Series-and-Vector-Autoregressive-Models_files/figure-latex/myfig10-1.pdf>]
<Dynamic-Shrinkage-in-Bayesian-Structural-Time-Series-and-Vector-Autoregressive-Models_files/figure-latex/myfig11-1.pdf, id=955, 542.025pt x 108.405pt>
File: Dynamic-Shrinkage-in-Bayesian-Structural-Time-Series-and-Vector-Autoregressive-Models_files/figure-latex/myfig11-1.pdf Graphic file (type pdf)
<use Dynamic-Shrinkage-in-Bayesian-Structural-Time-Series-and-Vector-Autoregressive-Models_files/figure-latex/myfig11-1.pdf>
Package pdftex.def Info: Dynamic-Shrinkage-in-Bayesian-Structural-Time-Series-and-Vector-Autoregressive-Models_files/figure-latex/myfig11-1.pdf  used on input line 2284.
(pdftex.def)             Requested size: 472.0459pt x 94.40916pt.
[50 <./Dynamic-Shrinkage-in-Bayesian-Structural-Time-Series-and-Vector-Autoregressive-Models_files/figure-latex/myfig13-1.pdf> <./Dynamic-Shrinkage-in-Bayesian-Structural-Time-Series-and-Vector-Autoregressive-Models_files/figure-latex/myfig11-1.pdf>]
Underfull \vbox (badness 10000) has occurred while \output is active []

[51] [52] [53] [54]
<Dynamic-Shrinkage-in-Bayesian-Structural-Time-Series-and-Vector-Autoregressive-Models_files/figure-latex/myfig001-1.pdf, id=1005, 722.7pt x 144.54pt>
File: Dynamic-Shrinkage-in-Bayesian-Structural-Time-Series-and-Vector-Autoregressive-Models_files/figure-latex/myfig001-1.pdf Graphic file (type pdf)
<use Dynamic-Shrinkage-in-Bayesian-Structural-Time-Series-and-Vector-Autoregressive-Models_files/figure-latex/myfig001-1.pdf>
Package pdftex.def Info: Dynamic-Shrinkage-in-Bayesian-Structural-Time-Series-and-Vector-Autoregressive-Models_files/figure-latex/myfig001-1.pdf  used on input line 2483.
(pdftex.def)             Requested size: 472.03212pt x 94.4064pt.
<Dynamic-Shrinkage-in-Bayesian-Structural-Time-Series-and-Vector-Autoregressive-Models_files/figure-latex/myfig002-1.pdf, id=1007, 722.7pt x 144.54pt>
File: Dynamic-Shrinkage-in-Bayesian-Structural-Time-Series-and-Vector-Autoregressive-Models_files/figure-latex/myfig002-1.pdf Graphic file (type pdf)
<use Dynamic-Shrinkage-in-Bayesian-Structural-Time-Series-and-Vector-Autoregressive-Models_files/figure-latex/myfig002-1.pdf>
Package pdftex.def Info: Dynamic-Shrinkage-in-Bayesian-Structural-Time-Series-and-Vector-Autoregressive-Models_files/figure-latex/myfig002-1.pdf  used on input line 2501.
(pdftex.def)             Requested size: 472.03212pt x 94.4064pt.
[55 <./Dynamic-Shrinkage-in-Bayesian-Structural-Time-Series-and-Vector-Autoregressive-Models_files/figure-latex/myfig001-1.pdf> <./Dynamic-Shrinkage-in-Bayesian-Structural-Time-Series-and-Vector-Autoregressive-Models_files/figure-latex/myfig002-1.pdf>] [56]
Chapter 3.

Underfull \vbox (badness 3364) has occurred while \output is active []

[57

]
Underfull \vbox (badness 10000) has occurred while \output is active []

[58]

LaTeX Warning: Float too large for page by 3.86464pt on input line 2715.


Underfull \hbox (badness 10000) in paragraph at lines 2717--2717
[]\T1/lmr/bx/n/17.28 Dynamic Expectation-Maximization Variable
 []

[59] [60]
Underfull \vbox (badness 10000) has occurred while \output is active []

[61]
Underfull \hbox (badness 1783) in paragraph at lines 2744--2748
\T1/lmr/m/n/12 Maximizing $\U/msb/m/n/12 E\OMX/MnSymbolE/m/n/12 \OML/lmm/m/it/12 ^^V[]; ^^N[]; ^^\[]; [][]; [][]; ^^[[] \OMX/MnSymbolE/m/n/12 S \OML/lmm/m/it/12 y[]\OMX/MnSymbolE/m/n/12  \U/MnSymbolD/m/n/12 ^^@ \OML/lmm/m/it/12 Q\OMX/MnSymbolE/m/n/12 [] S \OML/lmm/m/it/12 y[]\OMX/MnSymbolE/m/n/12 $ \T1/lmr/m/n/12 with respect to
 []

[62]
<Dynamic-Shrinkage-in-Bayesian-Structural-Time-Series-and-Vector-Autoregressive-Models_files/figure-latex/myfig6-1.pdf, id=1080, 578.16pt x 144.54pt>
File: Dynamic-Shrinkage-in-Bayesian-Structural-Time-Series-and-Vector-Autoregressive-Models_files/figure-latex/myfig6-1.pdf Graphic file (type pdf)
<use Dynamic-Shrinkage-in-Bayesian-Structural-Time-Series-and-Vector-Autoregressive-Models_files/figure-latex/myfig6-1.pdf>
Package pdftex.def Info: Dynamic-Shrinkage-in-Bayesian-Structural-Time-Series-and-Vector-Autoregressive-Models_files/figure-latex/myfig6-1.pdf  used on input line 2795.
(pdftex.def)             Requested size: 472.02992pt x 118.00746pt.
[63 <./Dynamic-Shrinkage-in-Bayesian-Structural-Time-Series-and-Vector-Autoregressive-Models_files/figure-latex/myfig6-1.pdf>]
<Dynamic-Shrinkage-in-Bayesian-Structural-Time-Series-and-Vector-Autoregressive-Models_files/figure-latex/myfig7-1.pdf, id=1094, 578.16pt x 289.08pt>
File: Dynamic-Shrinkage-in-Bayesian-Structural-Time-Series-and-Vector-Autoregressive-Models_files/figure-latex/myfig7-1.pdf Graphic file (type pdf)
<use Dynamic-Shrinkage-in-Bayesian-Structural-Time-Series-and-Vector-Autoregressive-Models_files/figure-latex/myfig7-1.pdf>
Package pdftex.def Info: Dynamic-Shrinkage-in-Bayesian-Structural-Time-Series-and-Vector-Autoregressive-Models_files/figure-latex/myfig7-1.pdf  used on input line 2817.
(pdftex.def)             Requested size: 472.02992pt x 236.01495pt.
<Dynamic-Shrinkage-in-Bayesian-Structural-Time-Series-and-Vector-Autoregressive-Models_files/figure-latex/myfig8-1.pdf, id=1095, 578.16pt x 289.08pt>
File: Dynamic-Shrinkage-in-Bayesian-Structural-Time-Series-and-Vector-Autoregressive-Models_files/figure-latex/myfig8-1.pdf Graphic file (type pdf)
<use Dynamic-Shrinkage-in-Bayesian-Structural-Time-Series-and-Vector-Autoregressive-Models_files/figure-latex/myfig8-1.pdf>
Package pdftex.def Info: Dynamic-Shrinkage-in-Bayesian-Structural-Time-Series-and-Vector-Autoregressive-Models_files/figure-latex/myfig8-1.pdf  used on input line 2826.
(pdftex.def)             Requested size: 472.02992pt x 236.01495pt.

LaTeX Warning: `h' float specifier changed to `ht'.

<Dynamic-Shrinkage-in-Bayesian-Structural-Time-Series-and-Vector-Autoregressive-Models_files/figure-latex/myfig14-1.pdf, id=1098, 578.16pt x 144.54pt>
File: Dynamic-Shrinkage-in-Bayesian-Structural-Time-Series-and-Vector-Autoregressive-Models_files/figure-latex/myfig14-1.pdf Graphic file (type pdf)
<use Dynamic-Shrinkage-in-Bayesian-Structural-Time-Series-and-Vector-Autoregressive-Models_files/figure-latex/myfig14-1.pdf>
Package pdftex.def Info: Dynamic-Shrinkage-in-Bayesian-Structural-Time-Series-and-Vector-Autoregressive-Models_files/figure-latex/myfig14-1.pdf  used on input line 2846.
(pdftex.def)             Requested size: 472.02992pt x 118.00746pt.

Underfull \vbox (badness 10000) has occurred while \output is active []

[64 <./Dynamic-Shrinkage-in-Bayesian-Structural-Time-Series-and-Vector-Autoregressive-Models_files/figure-latex/myfig7-1.pdf>]
Underfull \vbox (badness 10000) has occurred while \output is active []

[65 <./Dynamic-Shrinkage-in-Bayesian-Structural-Time-Series-and-Vector-Autoregressive-Models_files/figure-latex/myfig8-1.pdf> <./Dynamic-Shrinkage-in-Bayesian-Structural-Time-Series-and-Vector-Autoregressive-Models_files/figure-latex/myfig14-1.pdf>] [66]
<Dynamic-Shrinkage-in-Bayesian-Structural-Time-Series-and-Vector-Autoregressive-Models_files/figure-latex/myfig17-1.pdf, id=1148, 469.755pt x 180.675pt>
File: Dynamic-Shrinkage-in-Bayesian-Structural-Time-Series-and-Vector-Autoregressive-Models_files/figure-latex/myfig17-1.pdf Graphic file (type pdf)
<use Dynamic-Shrinkage-in-Bayesian-Structural-Time-Series-and-Vector-Autoregressive-Models_files/figure-latex/myfig17-1.pdf>
Package pdftex.def Info: Dynamic-Shrinkage-in-Bayesian-Structural-Time-Series-and-Vector-Autoregressive-Models_files/figure-latex/myfig17-1.pdf  used on input line 2945.
(pdftex.def)             Requested size: 469.75386pt x 180.67455pt.

Underfull \vbox (badness 2302) has occurred while \output is active []

[67]
<Dynamic-Shrinkage-in-Bayesian-Structural-Time-Series-and-Vector-Autoregressive-Models_files/figure-latex/myfig18-1.pdf, id=1158, 722.7pt x 180.675pt>
File: Dynamic-Shrinkage-in-Bayesian-Structural-Time-Series-and-Vector-Autoregressive-Models_files/figure-latex/myfig18-1.pdf Graphic file (type pdf)
<use Dynamic-Shrinkage-in-Bayesian-Structural-Time-Series-and-Vector-Autoregressive-Models_files/figure-latex/myfig18-1.pdf>
Package pdftex.def Info: Dynamic-Shrinkage-in-Bayesian-Structural-Time-Series-and-Vector-Autoregressive-Models_files/figure-latex/myfig18-1.pdf  used on input line 2977.
(pdftex.def)             Requested size: 472.03212pt x 118.00801pt.
[68 <./Dynamic-Shrinkage-in-Bayesian-Structural-Time-Series-and-Vector-Autoregressive-Models_files/figure-latex/myfig17-1.pdf>]
<Dynamic-Shrinkage-in-Bayesian-Structural-Time-Series-and-Vector-Autoregressive-Models_files/figure-latex/myfig19-1.pdf, id=1170, 289.08pt x 108.405pt>
File: Dynamic-Shrinkage-in-Bayesian-Structural-Time-Series-and-Vector-Autoregressive-Models_files/figure-latex/myfig19-1.pdf Graphic file (type pdf)
<use Dynamic-Shrinkage-in-Bayesian-Structural-Time-Series-and-Vector-Autoregressive-Models_files/figure-latex/myfig19-1.pdf>
Package pdftex.def Info: Dynamic-Shrinkage-in-Bayesian-Structural-Time-Series-and-Vector-Autoregressive-Models_files/figure-latex/myfig19-1.pdf  used on input line 2986.
(pdftex.def)             Requested size: 289.09251pt x 108.40968pt.
[69 <./Dynamic-Shrinkage-in-Bayesian-Structural-Time-Series-and-Vector-Autoregressive-Models_files/figure-latex/myfig18-1.pdf> <./Dynamic-Shrinkage-in-Bayesian-Structural-Time-Series-and-Vector-Autoregressive-Models_files/figure-latex/myfig19-1.pdf>]
<Dynamic-Shrinkage-in-Bayesian-Structural-Time-Series-and-Vector-Autoregressive-Models_files/figure-latex/myfig501-1.pdf, id=1189, 722.7pt x 144.54pt>
File: Dynamic-Shrinkage-in-Bayesian-Structural-Time-Series-and-Vector-Autoregressive-Models_files/figure-latex/myfig501-1.pdf Graphic file (type pdf)
<use Dynamic-Shrinkage-in-Bayesian-Structural-Time-Series-and-Vector-Autoregressive-Models_files/figure-latex/myfig501-1.pdf>
Package pdftex.def Info: Dynamic-Shrinkage-in-Bayesian-Structural-Time-Series-and-Vector-Autoregressive-Models_files/figure-latex/myfig501-1.pdf  used on input line 3031.
(pdftex.def)             Requested size: 472.03212pt x 94.4064pt.
[70 <./Dynamic-Shrinkage-in-Bayesian-Structural-Time-Series-and-Vector-Autoregressive-Models_files/figure-latex/myfig501-1.pdf>]
Underfull \vbox (badness 10000) has occurred while \output is active []

[71]
Underfull \vbox (badness 10000) has occurred while \output is active []

[72]
<Dynamic-Shrinkage-in-Bayesian-Structural-Time-Series-and-Vector-Autoregressive-Models_files/figure-latex/myfig117-1.pdf, id=1215, 722.7pt x 289.08pt>
File: Dynamic-Shrinkage-in-Bayesian-Structural-Time-Series-and-Vector-Autoregressive-Models_files/figure-latex/myfig117-1.pdf Graphic file (type pdf)
<use Dynamic-Shrinkage-in-Bayesian-Structural-Time-Series-and-Vector-Autoregressive-Models_files/figure-latex/myfig117-1.pdf>
Package pdftex.def Info: Dynamic-Shrinkage-in-Bayesian-Structural-Time-Series-and-Vector-Autoregressive-Models_files/figure-latex/myfig117-1.pdf  used on input line 3157.
(pdftex.def)             Requested size: 472.03212pt x 188.81284pt.
<Dynamic-Shrinkage-in-Bayesian-Structural-Time-Series-and-Vector-Autoregressive-Models_files/figure-latex/myfig118-1.pdf, id=1216, 722.7pt x 289.08pt>
File: Dynamic-Shrinkage-in-Bayesian-Structural-Time-Series-and-Vector-Autoregressive-Models_files/figure-latex/myfig118-1.pdf Graphic file (type pdf)
<use Dynamic-Shrinkage-in-Bayesian-Structural-Time-Series-and-Vector-Autoregressive-Models_files/figure-latex/myfig118-1.pdf>
Package pdftex.def Info: Dynamic-Shrinkage-in-Bayesian-Structural-Time-Series-and-Vector-Autoregressive-Models_files/figure-latex/myfig118-1.pdf  used on input line 3166.
(pdftex.def)             Requested size: 472.03212pt x 188.81284pt.

Underfull \vbox (badness 10000) has occurred while \output is active []

[73 <./Dynamic-Shrinkage-in-Bayesian-Structural-Time-Series-and-Vector-Autoregressive-Models_files/figure-latex/myfig117-1.pdf>]
<Dynamic-Shrinkage-in-Bayesian-Structural-Time-Series-and-Vector-Autoregressive-Models_files/figure-latex/myfig119-1.pdf, id=1230, 722.7pt x 289.08pt>
File: Dynamic-Shrinkage-in-Bayesian-Structural-Time-Series-and-Vector-Autoregressive-Models_files/figure-latex/myfig119-1.pdf Graphic file (type pdf)
<use Dynamic-Shrinkage-in-Bayesian-Structural-Time-Series-and-Vector-Autoregressive-Models_files/figure-latex/myfig119-1.pdf>
Package pdftex.def Info: Dynamic-Shrinkage-in-Bayesian-Structural-Time-Series-and-Vector-Autoregressive-Models_files/figure-latex/myfig119-1.pdf  used on input line 3175.
(pdftex.def)             Requested size: 472.03212pt x 188.81284pt.
<Dynamic-Shrinkage-in-Bayesian-Structural-Time-Series-and-Vector-Autoregressive-Models_files/figure-latex/myfig120-1.pdf, id=1231, 722.7pt x 289.08pt>
File: Dynamic-Shrinkage-in-Bayesian-Structural-Time-Series-and-Vector-Autoregressive-Models_files/figure-latex/myfig120-1.pdf Graphic file (type pdf)
<use Dynamic-Shrinkage-in-Bayesian-Structural-Time-Series-and-Vector-Autoregressive-Models_files/figure-latex/myfig120-1.pdf>
Package pdftex.def Info: Dynamic-Shrinkage-in-Bayesian-Structural-Time-Series-and-Vector-Autoregressive-Models_files/figure-latex/myfig120-1.pdf  used on input line 3184.
(pdftex.def)             Requested size: 472.03212pt x 188.81284pt.
[74 <./Dynamic-Shrinkage-in-Bayesian-Structural-Time-Series-and-Vector-Autoregressive-Models_files/figure-latex/myfig118-1.pdf> <./Dynamic-Shrinkage-in-Bayesian-Structural-Time-Series-and-Vector-Autoregressive-Models_files/figure-latex/myfig119-1.pdf>] [75 <./Dynamic-Shrinkage-in-Bayesian-Structural-Time-Series-and-Vector-Autoregressive-Models_files/figure-latex/myfig120-1.pdf>] [76]
Chapter 4.

Underfull \vbox (badness 10000) has occurred while \output is active []

[77

]
Underfull \vbox (badness 5161) has occurred while \output is active []

[78] [79]
Underfull \hbox (badness 1028) in paragraph at lines 3352--3385
\T1/lmr/m/n/12 where $[][] \U/MnSymbolD/m/n/12 ^^@ \OML/lmm/m/it/12 diag\OMX/MnSymbolE/m/n/12 \OML/lmm/m/it/12 ^^M[]^^^[]\OMX/MnSymbolE/m/n/12 []$\T1/lmr/m/n/12 , $[][] \U/MnSymbolD/m/n/12 ^^@ \OML/lmm/m/it/12 diag\OMX/MnSymbolE/m/n/12 \OML/lmm/m/it/12 ^^M[]^^^[]\OMX/MnSymbolE/m/n/12 []$\T1/lmr/m/n/12 , $[] \U/MnSymbolD/m/n/12 ^^@ \OMX/MnSymbolE/m/n/12 \OML/lmm/m/it/12 ^^V[]; :::; ^^V[]\OMX/MnSymbolE/m/n/12 []$ \T1/lmr/m/n/12 and $[] \U/MnSymbolD/m/n/12 ^^@
 []


Underfull \vbox (badness 10000) has occurred while \output is active []

[80] [81] [82] [83] [84] [85]
Underfull \vbox (badness 10000) has occurred while \output is active []

[86]
<Dynamic-Shrinkage-in-Bayesian-Structural-Time-Series-and-Vector-Autoregressive-Models_files/figure-latex/myfig72-1.pdf, id=1380, 397.485pt x 397.485pt>
File: Dynamic-Shrinkage-in-Bayesian-Structural-Time-Series-and-Vector-Autoregressive-Models_files/figure-latex/myfig72-1.pdf Graphic file (type pdf)
<use Dynamic-Shrinkage-in-Bayesian-Structural-Time-Series-and-Vector-Autoregressive-Models_files/figure-latex/myfig72-1.pdf>
Package pdftex.def Info: Dynamic-Shrinkage-in-Bayesian-Structural-Time-Series-and-Vector-Autoregressive-Models_files/figure-latex/myfig72-1.pdf  used on input line 3621.
(pdftex.def)             Requested size: 397.49614pt x 397.49614pt.
<Dynamic-Shrinkage-in-Bayesian-Structural-Time-Series-and-Vector-Autoregressive-Models_files/figure-latex/myfig73-1.pdf, id=1381, 397.485pt x 397.485pt>
File: Dynamic-Shrinkage-in-Bayesian-Structural-Time-Series-and-Vector-Autoregressive-Models_files/figure-latex/myfig73-1.pdf Graphic file (type pdf)
<use Dynamic-Shrinkage-in-Bayesian-Structural-Time-Series-and-Vector-Autoregressive-Models_files/figure-latex/myfig73-1.pdf>
Package pdftex.def Info: Dynamic-Shrinkage-in-Bayesian-Structural-Time-Series-and-Vector-Autoregressive-Models_files/figure-latex/myfig73-1.pdf  used on input line 3630.
(pdftex.def)             Requested size: 397.49614pt x 397.49614pt.

Underfull \vbox (badness 10000) has occurred while \output is active []

[87 <./Dynamic-Shrinkage-in-Bayesian-Structural-Time-Series-and-Vector-Autoregressive-Models_files/figure-latex/myfig72-1.pdf>]
<Dynamic-Shrinkage-in-Bayesian-Structural-Time-Series-and-Vector-Autoregressive-Models_files/figure-latex/myfig74-1.pdf, id=1393, 397.485pt x 397.485pt>
File: Dynamic-Shrinkage-in-Bayesian-Structural-Time-Series-and-Vector-Autoregressive-Models_files/figure-latex/myfig74-1.pdf Graphic file (type pdf)
<use Dynamic-Shrinkage-in-Bayesian-Structural-Time-Series-and-Vector-Autoregressive-Models_files/figure-latex/myfig74-1.pdf>
Package pdftex.def Info: Dynamic-Shrinkage-in-Bayesian-Structural-Time-Series-and-Vector-Autoregressive-Models_files/figure-latex/myfig74-1.pdf  used on input line 3639.
(pdftex.def)             Requested size: 397.49614pt x 397.49614pt.

Underfull \vbox (badness 10000) has occurred while \output is active []

[88 <./Dynamic-Shrinkage-in-Bayesian-Structural-Time-Series-and-Vector-Autoregressive-Models_files/figure-latex/myfig73-1.pdf>]
<Dynamic-Shrinkage-in-Bayesian-Structural-Time-Series-and-Vector-Autoregressive-Models_files/figure-latex/myfig502-1.pdf, id=1406, 578.16pt x 144.54pt>
File: Dynamic-Shrinkage-in-Bayesian-Structural-Time-Series-and-Vector-Autoregressive-Models_files/figure-latex/myfig502-1.pdf Graphic file (type pdf)
<use Dynamic-Shrinkage-in-Bayesian-Structural-Time-Series-and-Vector-Autoregressive-Models_files/figure-latex/myfig502-1.pdf>
Package pdftex.def Info: Dynamic-Shrinkage-in-Bayesian-Structural-Time-Series-and-Vector-Autoregressive-Models_files/figure-latex/myfig502-1.pdf  used on input line 3648.
(pdftex.def)             Requested size: 472.02992pt x 118.00746pt.

Underfull \vbox (badness 10000) has occurred while \output is active []

[89 <./Dynamic-Shrinkage-in-Bayesian-Structural-Time-Series-and-Vector-Autoregressive-Models_files/figure-latex/myfig74-1.pdf>]
Underfull \vbox (badness 6032) has occurred while \output is active []

[90 <./Dynamic-Shrinkage-in-Bayesian-Structural-Time-Series-and-Vector-Autoregressive-Models_files/figure-latex/myfig502-1.pdf>]
<Dynamic-Shrinkage-in-Bayesian-Structural-Time-Series-and-Vector-Autoregressive-Models_files/figure-latex/myfig71-1.pdf, id=1433, 433.62pt x 433.62pt>
File: Dynamic-Shrinkage-in-Bayesian-Structural-Time-Series-and-Vector-Autoregressive-Models_files/figure-latex/myfig71-1.pdf Graphic file (type pdf)
<use Dynamic-Shrinkage-in-Bayesian-Structural-Time-Series-and-Vector-Autoregressive-Models_files/figure-latex/myfig71-1.pdf>
Package pdftex.def Info: Dynamic-Shrinkage-in-Bayesian-Structural-Time-Series-and-Vector-Autoregressive-Models_files/figure-latex/myfig71-1.pdf  used on input line 3735.
(pdftex.def)             Requested size: 433.63878pt x 433.63878pt.

Underfull \vbox (badness 10000) has occurred while \output is active []

[91]
<Dynamic-Shrinkage-in-Bayesian-Structural-Time-Series-and-Vector-Autoregressive-Models_files/figure-latex/myfig722-1.pdf, id=1439, 433.62pt x 433.62pt>
File: Dynamic-Shrinkage-in-Bayesian-Structural-Time-Series-and-Vector-Autoregressive-Models_files/figure-latex/myfig722-1.pdf Graphic file (type pdf)
<use Dynamic-Shrinkage-in-Bayesian-Structural-Time-Series-and-Vector-Autoregressive-Models_files/figure-latex/myfig722-1.pdf>
Package pdftex.def Info: Dynamic-Shrinkage-in-Bayesian-Structural-Time-Series-and-Vector-Autoregressive-Models_files/figure-latex/myfig722-1.pdf  used on input line 3744.
(pdftex.def)             Requested size: 433.63878pt x 433.63878pt.

Underfull \vbox (badness 10000) has occurred while \output is active []

[92 <./Dynamic-Shrinkage-in-Bayesian-Structural-Time-Series-and-Vector-Autoregressive-Models_files/figure-latex/myfig71-1.pdf>]
Underfull \vbox (badness 10000) has occurred while \output is active []

[93 <./Dynamic-Shrinkage-in-Bayesian-Structural-Time-Series-and-Vector-Autoregressive-Models_files/figure-latex/myfig722-1.pdf>] [94]
Chapter 5.
[95

]
Underfull \hbox (badness 2005) in paragraph at lines 3818--3818
[]|\T1/lmr/m/n/12 Dynamic Spike-and-Slab Bayesian Structural Time Series with
 []


Underfull \hbox (badness 1173) in paragraph at lines 3818--3818
[]|\T1/lmr/m/n/12 Dynamic Expectation-Maximization Variable Selection with log-
 []


Underfull \hbox (badness 1077) in paragraph at lines 3818--3818
[]|\T1/lmr/m/n/12 Dynamic Stochastic Search Variable Selection for Time-Varying
 []

[96]
Underfull \hbox (badness 1484) in paragraph at lines 3836--3836
\T1/lmr/m/n/12 component, seasonal component and trend component
 []


Underfull \hbox (badness 1484) in paragraph at lines 3836--3836
\T1/lmr/m/n/12 component, seasonal component and trend component
 []


Underfull \hbox (badness 1742) in paragraph at lines 3836--3836
\T1/lmr/m/n/12 Varying Parameter Vector Autoregressive models with
 []


Underfull \hbox (badness 1742) in paragraph at lines 3836--3836
\T1/lmr/m/n/12 Varying Parameter Vector Autoregressive models with
 []

[97] [98] [99]
Underfull \hbox (badness 1320) in paragraph at lines 3957--3965
[]\T1/lmr/m/n/12 Forecasts one-step-ahead, two-step-ahead and so on are visualized via the function
 []


Underfull \hbox (badness 1320) in paragraph at lines 3957--3965
\T1/lmtt/m/n/12 Forecastplot\T1/lmr/m/n/12 , for univariate time series the latter provides a comparison between
 []


Underfull \hbox (badness 1014) in paragraph at lines 3972--4001
\T1/lmr/m/n/12 VAR model of []Primiceri[] ([]2005[]) whit shrinkage, \T1/lmtt/m/n/12 DSSTVP_PRECISIONSAMPLER_VAR \T1/lmr/m/n/12 and
 []

[100]
Underfull \hbox (badness 10000) in paragraph at lines 4011--4020
\T1/lmr/m/n/12 Again \T1/lmtt/m/n/12 DSSTVP_PRECISIONSAMPLER_VAR \T1/lmr/m/n/12 and \T1/lmtt/m/n/12 DSSTVP_PRECISIONSAMPLER_SVAR \T1/lmr/m/n/12 return
 []

[101] [102

]
Underfull \vbox (badness 10000) has occurred while \output is active []

[103

]
Underfull \vbox (badness 10000) has occurred while \output is active []

[104]
Underfull \hbox (badness 2903) in paragraph at lines 4146--4151
\T1/lmr/m/n/12 In \T1/lmr/m/it/12 Topics in Identification, Limited Dependent Variables, Partial Observability,
 []


Underfull \vbox (badness 10000) has occurred while \output is active []

[105]
Underfull \vbox (badness 10000) has occurred while \output is active []

[106] [107] [108

] [109] [110

]
Underfull \hbox (badness 10000) in paragraph at lines 4343--4351

 []

[111] [112]
Underfull \hbox (badness 10000) in paragraph at lines 4419--4422

 []

[113] [114] [115] [116] [117] [118]
Underfull \hbox (badness 10000) in paragraph at lines 4683--4687

 []


Overfull \hbox (210.718pt too wide) in alignment at lines 4689--4705
 [] [] 
 []

[119] [120]
Underfull \hbox (badness 1715) in paragraph at lines 4756--4756
[]\T1/lmr/bx/n/17.28 Inflation forecasting: plots of some regression
 []

<Dynamic-Shrinkage-in-Bayesian-Structural-Time-Series-and-Vector-Autoregressive-Models_files/figure-latex/unnamed-chunk-10-1.pdf, id=1681, 578.16pt x 433.62pt>
File: Dynamic-Shrinkage-in-Bayesian-Structural-Time-Series-and-Vector-Autoregressive-Models_files/figure-latex/unnamed-chunk-10-1.pdf Graphic file (type pdf)
<use Dynamic-Shrinkage-in-Bayesian-Structural-Time-Series-and-Vector-Autoregressive-Models_files/figure-latex/unnamed-chunk-10-1.pdf>
Package pdftex.def Info: Dynamic-Shrinkage-in-Bayesian-Structural-Time-Series-and-Vector-Autoregressive-Models_files/figure-latex/unnamed-chunk-10-1.pdf  used on input line 4760.
(pdftex.def)             Requested size: 472.02992pt x 354.02245pt.

Underfull \vbox (badness 10000) has occurred while \output is active []

[121] [122 <./Dynamic-Shrinkage-in-Bayesian-Structural-Time-Series-and-Vector-Autoregressive-Models_files/figure-latex/unnamed-chunk-10-1.pdf>] [123]
<Dynamic-Shrinkage-in-Bayesian-Structural-Time-Series-and-Vector-Autoregressive-Models_files/figure-latex/unnamed-chunk-11-1.pdf, id=1706, 578.16pt x 144.54pt>
File: Dynamic-Shrinkage-in-Bayesian-Structural-Time-Series-and-Vector-Autoregressive-Models_files/figure-latex/unnamed-chunk-11-1.pdf Graphic file (type pdf)
<use Dynamic-Shrinkage-in-Bayesian-Structural-Time-Series-and-Vector-Autoregressive-Models_files/figure-latex/unnamed-chunk-11-1.pdf>
Package pdftex.def Info: Dynamic-Shrinkage-in-Bayesian-Structural-Time-Series-and-Vector-Autoregressive-Models_files/figure-latex/unnamed-chunk-11-1.pdf  used on input line 4825.
(pdftex.def)             Requested size: 472.02992pt x 118.00746pt.
<Dynamic-Shrinkage-in-Bayesian-Structural-Time-Series-and-Vector-Autoregressive-Models_files/figure-latex/unnamed-chunk-12-1.pdf, id=1707, 578.16pt x 216.81pt>
File: Dynamic-Shrinkage-in-Bayesian-Structural-Time-Series-and-Vector-Autoregressive-Models_files/figure-latex/unnamed-chunk-12-1.pdf Graphic file (type pdf)
<use Dynamic-Shrinkage-in-Bayesian-Structural-Time-Series-and-Vector-Autoregressive-Models_files/figure-latex/unnamed-chunk-12-1.pdf>
Package pdftex.def Info: Dynamic-Shrinkage-in-Bayesian-Structural-Time-Series-and-Vector-Autoregressive-Models_files/figure-latex/unnamed-chunk-12-1.pdf  used on input line 4834.
(pdftex.def)             Requested size: 472.02992pt x 177.01122pt.
<Dynamic-Shrinkage-in-Bayesian-Structural-Time-Series-and-Vector-Autoregressive-Models_files/figure-latex/unnamed-chunk-13-1.pdf, id=1708, 578.16pt x 144.54pt>
File: Dynamic-Shrinkage-in-Bayesian-Structural-Time-Series-and-Vector-Autoregressive-Models_files/figure-latex/unnamed-chunk-13-1.pdf Graphic file (type pdf)
<use Dynamic-Shrinkage-in-Bayesian-Structural-Time-Series-and-Vector-Autoregressive-Models_files/figure-latex/unnamed-chunk-13-1.pdf>
Package pdftex.def Info: Dynamic-Shrinkage-in-Bayesian-Structural-Time-Series-and-Vector-Autoregressive-Models_files/figure-latex/unnamed-chunk-13-1.pdf  used on input line 4843.
(pdftex.def)             Requested size: 472.02992pt x 118.00746pt.

Underfull \vbox (badness 10000) has occurred while \output is active []

[124 <./Dynamic-Shrinkage-in-Bayesian-Structural-Time-Series-and-Vector-Autoregressive-Models_files/figure-latex/unnamed-chunk-11-1.pdf> <./Dynamic-Shrinkage-in-Bayesian-Structural-Time-Series-and-Vector-Autoregressive-Models_files/figure-latex/unnamed-chunk-12-1.pdf>] [125 <./Dynamic-Shrinkage-in-Bayesian-Structural-Time-Series-and-Vector-Autoregressive-Models_files/figure-latex/unnamed-chunk-13-1.pdf>] [126

]
\tf@thm=\write9
\openout9 = `Dynamic-Shrinkage-in-Bayesian-Structural-Time-Series-and-Vector-Autoregressive-Models.thm'.

(./Dynamic-Shrinkage-in-Bayesian-Structural-Time-Series-and-Vector-Autoregressive-Models.aux)
Package rerunfilecheck Info: File `Dynamic-Shrinkage-in-Bayesian-Structural-Time-Series-and-Vector-Autoregressive-Models.out' has not changed.
(rerunfilecheck)             Checksum: D2B9D7FEE046D615806B573608CC89D9;8928.
 )
(\end occurred inside a group at level 1)

### semi simple group (level 1) entered at line 3430 (\begingroup)
### bottom level 
Here is how much of TeX's memory you used:
 32479 strings out of 480236
 629673 string characters out of 5894050
 938905 words of memory out of 5000000
 49316 multiletter control sequences out of 15000+600000
 619685 words of font info for 189 fonts, out of 8000000 for 9000
 14 hyphenation exceptions out of 8191
 84i,15n,80p,755b,617s stack positions out of 5000i,500n,10000p,200000b,80000s
{c:/Users/Edoardo/AppData/Roaming/TinyTeX/texmf-dist/fonts/enc/dvips/lm/lm-ec.enc}{c:/Users/Edoardo/AppData/Roaming/TinyTeX/texmf-dist/fonts/enc/dvips/mnsymbol/MnSymbolD.enc}{c:/Users/Edoardo/AppData/Roaming/TinyTeX/texmf-dist/fonts/enc/dvips/mnsymbol/MnSymbolF.enc}{c:/Users/Edoardo/AppData/Roaming/TinyTeX/texmf-dist/fonts/enc/dvips/mnsymbol/MnSymbolE.enc}{c:/Users/Edoardo/AppData/Roaming/TinyTeX/texmf-dist/fonts/enc/dvips/lm/lm-rm.enc}{c:/Users/Edoardo/AppData/Roaming/TinyTeX/texmf-dist/fonts/enc/dvips/lm/lm-mathit.enc}{c:/Users/Edoardo/AppData/Roaming/TinyTeX/texmf-dist/fonts/enc/dvips/mnsymbol/MnSymbolS.enc}{c:/Users/Edoardo/AppData/Roaming/TinyTeX/texmf-dist/fonts/enc/dvips/mnsymbol/MnSymbolC.enc}{c:/Users/Edoardo/AppData/Roaming/TinyTeX/texmf-dist/fonts/enc/dvips/lm/lm-ts1.enc}{c:/Users/Edoardo/AppData/Roaming/TinyTeX/texmf-dist/fonts/enc/dvips/mnsymbol/MnSymbolA.enc}<c:/Users/Edoardo/AppData/Roaming/TinyTeX/texmf-dist/fonts/type1/public/mnsymbol/MnSymbol-Bold8.pfb><c:/Users/Edoardo/AppData/Roaming/TinyTeX/texmf-dist/fonts/type1/public/mnsymbol/MnSymbol10.pfb><c:/Users/Edoardo/AppData/Roaming/TinyTeX/texmf-dist/fonts/type1/public/mnsymbol/MnSymbol12.pfb><c:/Users/Edoardo/AppData/Roaming/TinyTeX/texmf-dist/fonts/type1/public/mnsymbol/MnSymbol6.pfb><c:/Users/Edoardo/AppData/Roaming/TinyTeX/texmf-dist/fonts/type1/public/mnsymbol/MnSymbol7.pfb><c:/Users/Edoardo/AppData/Roaming/TinyTeX/texmf-dist/fonts/type1/public/mnsymbol/MnSymbol8.pfb><c:/Users/Edoardo/AppData/Roaming/TinyTeX/texmf-dist/fonts/type1/public/lm/lmbx10.pfb><c:/Users/Edoardo/AppData/Roaming/TinyTeX/texmf-dist/fonts/type1/public/lm/lmbx12.pfb><c:/Users/Edoardo/AppData/Roaming/TinyTeX/texmf-dist/fonts/type1/public/lm/lmbx6.pfb><c:/Users/Edoardo/AppData/Roaming/TinyTeX/texmf-dist/fonts/type1/public/lm/lmbx7.pfb><c:/Users/Edoardo/AppData/Roaming/TinyTeX/texmf-dist/fonts/type1/public/lm/lmbx8.pfb><c:/Users/Edoardo/AppData/Roaming/TinyTeX/texmf-dist/fonts/type1/public/lm/lmmi10.pfb><c:/Users/Edoardo/AppData/Roaming/TinyTeX/texmf-dist/fonts/type1/public/lm/lmmi12.pfb><c:/Users/Edoardo/AppData/Roaming/TinyTeX/texmf-dist/fonts/type1/public/lm/lmmi5.pfb><c:/Users/Edoardo/AppData/Roaming/TinyTeX/texmf-dist/fonts/type1/public/lm/lmmi6.pfb><c:/Users/Edoardo/AppData/Roaming/TinyTeX/texmf-dist/fonts/type1/public/lm/lmmi7.pfb><c:/Users/Edoardo/AppData/Roaming/TinyTeX/texmf-dist/fonts/type1/public/lm/lmmi8.pfb><c:/Users/Edoardo/AppData/Roaming/TinyTeX/texmf-dist/fonts/type1/public/lm/lmmib10.pfb><c:/Users/Edoardo/AppData/Roaming/TinyTeX/texmf-dist/fonts/type1/public/lm/lmr10.pfb><c:/Users/Edoardo/AppData/Roaming/TinyTeX/texmf-dist/fonts/type1/public/lm/lmr12.pfb><c:/Users/Edoardo/AppData/Roaming/TinyTeX/texmf-dist/fonts/type1/public/lm/lmr6.pfb><c:/Users/Edoardo/AppData/Roaming/TinyTeX/texmf-dist/fonts/type1/public/lm/lmr7.pfb><c:/Users/Edoardo/AppData/Roaming/TinyTeX/texmf-dist/fonts/type1/public/lm/lmr8.pfb><c:/Users/Edoardo/AppData/Roaming/TinyTeX/texmf-dist/fonts/type1/public/lm/lmri10.pfb><c:/Users/Edoardo/AppData/Roaming/TinyTeX/texmf-dist/fonts/type1/public/lm/lmri12.pfb><c:/Users/Edoardo/AppData/Roaming/TinyTeX/texmf-dist/fonts/type1/public/lm/lmro10.pfb><c:/Users/Edoardo/AppData/Roaming/TinyTeX/texmf-dist/fonts/type1/public/lm/lmro12.pfb><c:/Users/Edoardo/AppData/Roaming/TinyTeX/texmf-dist/fonts/type1/public/lm/lmtt10.pfb><c:/Users/Edoardo/AppData/Roaming/TinyTeX/texmf-dist/fonts/type1/public/lm/lmtt12.pfb><c:/Users/Edoardo/AppData/Roaming/TinyTeX/texmf-dist/fonts/type1/public/amsfonts/symbols/msbm10.pfb>
Output written on Dynamic-Shrinkage-in-Bayesian-Structural-Time-Series-and-Vector-Autoregressive-Models.pdf (140 pages, 1694925 bytes).
PDF statistics:
 2023 PDF objects out of 2073 (max. 8388607)
 1707 compressed objects within 18 object streams
 428 named destinations out of 1000 (max. 500000)
 511 words of extra memory for PDF output out of 10000 (max. 10000000)

